0.0,4925582.164192519
0.0,4747092.831486124
0.0,4682733.495408826
0.0,4322222.029855342
0.0,4317442.912500614
0.0,4261267.273891712
0.0,4258413.732421934
0.0,4159280.8884638366
0.0,4136962.873745089
0.0,4127189.517229307
0.0,4101960.845415161
0.0,4101389.7994212788
0.0,4011602.7286601737
0.0,3789697.4929635734
0.0,3767722.2583697923
0.0,3757189.699399529
0.0,3700242.404442133
0.0,3605847.7440585406
0.0,3531869.1613086313
0.0,3483464.9715733323
0.0,3475554.8092505108
0.0,3419376.484505049
0.0,3191697.239313644
0.0,3162358.6639569877
0.0,3158945.583096772
0.0,3090794.6460221927
0.0,3087476.108788557
0.0,3039325.068208036
0.0,2866869.8887360524
0.01,2826698.6777386284
0.01,2728698.950497754
0.01,2708203.4636512813
0.01,2682544.657689524
0.01,2671099.5524665457
0.01,2511640.3898175326
0.01,2480695.039261728
