0.0,22190.68611304639
0.0,21813.298703637407
0.0,21784.278534490284
0.0,21744.117330034467
0.0,21691.16364676794
0.0,21633.545149194928
0.0,21605.8419843921
0.0,21605.579027355176
0.0,21179.48014349038
0.0,20813.837499437104
0.0,20638.001220531856
0.0,20462.067391600984
0.0,19767.747045360207
0.0,19629.702816859193
0.0,19096.09772770949
0.0,19053.42673501088
0.0,18598.435610657507
0.01,17747.718437210802
0.01,17682.927317270365
0.01,16764.985959775146
0.01,16465.203216932387
0.01,16047.728328781825
0.01,13732.16032350032
0.01,12818.70392220136
0.01,11116.062813969176
0.01,9965.17818923863
0.01,9685.38948588611
0.01,9652.18529972127
0.01,9260.284067606633
