0.0,23756
0.22,22194
0.33,22112
0.45,20630
0.73,19872
0.85,19338
0.97,19211
1.12,19072
1.24,18586
1.35,18174
1.47,18120
1.6,17825
1.72,17136
1.83,16925
2.06,16742
2.19,16300
2.53,16203
2.76,16155
2.88,15875
2.99,15295
3.33,14951
3.56,14951
3.67,14378
3.78,14377
4.01,14377
4.12,14211
4.35,13852
4.58,13692
4.7,13395
4.81,13393
4.93,13007
5.15,12615
5.26,12550
5.37,12369
5.51,12303
5.84,12231
5.96,12231
6.3,11985
6.69,11784
6.92,11592
7.14,11573
7.37,11480
7.93,11196
8.18,11018
8.53,10911
8.64,10449
9.0,10449
9.12,10334
9.36,10312
9.5,10185
10.08,10165
14.23,10133
24.72,10120
24.94,10086
25.55,10066
26.64,10038
26.92,9963
27.09,9950
27.23,9917
27.46,9909
27.58,9821
29.11,9816
29.68,9801
30.13,9762
31.15,9725
32.44,9591
33.38,9578
33.87,9578
34.45,9505
36.44,9334
37.78,9244
41.52,9225
