0.0,22205
0.0,22139
0.0,20663
0.0,20450
0.0,20402
0.0,19454
0.01,19393
0.01,19118
0.01,19047
0.01,18990
0.01,18639
0.02,18353
0.02,18221
0.02,18008
0.02,17775
0.02,17688
0.02,17594
0.02,17470
0.02,17372
0.03,17280
0.03,17279
0.03,17250
0.03,17250
0.04,17211
0.04,16991
0.05,16967
0.06,16588
0.06,16533
0.07,16482
0.07,16298
0.07,16285
0.07,16224
0.07,16037
0.07,15952
0.07,15921
0.08,15882
0.08,15876
0.08,15510
0.08,15361
0.09,15265
0.09,15205
0.09,14809
0.1,14743
0.1,14701
0.1,14622
0.1,14532
0.1,14488
0.1,14439
0.11,14424
0.11,14408
0.11,14269
0.11,14010
0.11,13982
0.11,13714
0.12,13586
0.13,13295
0.14,13154
0.15,13142
0.16,13109
0.17,13102
0.17,13099
0.17,13066
0.18,13062
0.19,13052
0.2,13027
0.2,12726
0.2,12717
0.21,12717
0.22,12711
0.22,12664
0.22,12626
0.23,12623
