0.0,2169935
0.09,2103654
0.22,2021120
0.35,1934623
0.44,1922724
0.53,1846333
0.62,1809525
0.73,1681733
0.93,1639103
1.02,1591357
1.11,1569543
1.2,1555522
1.29,1458342
1.38,1438268
1.47,1422796
1.55,1403395
1.64,1381938
1.82,1369692
1.99,1341759
2.08,1325812
2.16,1324414
2.26,1293868
2.34,1280901
2.43,1255383
2.52,1245982
2.69,1238934
2.78,1212711
3.1,1210829
3.19,1206046
3.27,1203665
3.37,1173184
3.56,1173184
3.75,1164630
3.94,1163168
4.11,1152972
4.38,1146708
4.46,1145739
4.81,1145739
4.98,1122148
5.07,1113668
5.17,1098721
5.29,1080039
5.37,1077734
5.99,1077174
6.17,1075368
6.7,1064245
7.07,1060878
7.25,1060835
8.91,1043250
9.7,1029256
9.79,1027509
10.15,1023035
10.36,1023035
11.19,1014534
11.28,1014517
11.45,1010547
11.54,1005942
11.63,1003644
11.72,997750
14.81,992402
25.78,987861
29.31,982440
31.72,979632
37.8,977869
45.65,975637
