0.0,2450433.9688945278
0.0,2410521.607883666
0.0,2315900.8071325156
0.0,2307083.2338200198
0.0,2252840.0171545376
0.0,2222084.291623998
0.0,2198278.0201481525
0.0,2197007.154614044
0.0,2094816.606648665
0.0,2075475.8499378464
0.0,2057580.3132998433
0.0,2015343.1239586358
0.0,1984680.1279760739
0.0,1921964.314991528
0.0,1918579.9183463252
0.0,1883621.1706350606
0.0,1852599.1928326911
0.0,1795630.6261824968
0.0,1776531.464624904
0.0,1717769.593262599
0.0,1693903.3726151052
0.0,1654932.5371873605
0.0,1519950.0234939223
0.0,1408401.6145786075
0.0,1349052.6586362915
0.0,1335591.0633272505
0.0,1290421.9297849704
0.0,1225670.7924879864
0.0,1088419.273117744
