0.0,2401251
0.0,2388246
0.0,2286952
0.0,2277900
0.0,2271027
0.0,2236118
0.0,2232236
0.0,2192314
0.01,2136647
0.01,2134674
0.01,2109766
0.01,2099976
0.01,2098219
0.01,2079801
0.02,2074654
0.02,2056389
0.02,1987256
0.02,1947026
0.02,1925059
0.02,1712861
0.02,1710597
0.02,1700621
0.02,1671629
0.02,1661947
0.02,1650582
0.02,1649232
0.02,1569819
0.02,1551216
0.02,1527434
0.03,1504788
0.03,1504788
0.03,1472871
0.03,1454984
0.03,1390300
0.04,1366972
0.04,1317723
0.04,1307723
0.04,1293937
0.05,1291737
0.05,1291737
0.06,1287598
0.06,1273798
0.06,1273588
0.07,1271374
0.09,1267931
0.11,1259909
0.13,1256969
0.15,1232476
0.18,1220423
0.21,1213013
0.25,1212812
0.29,1194328
0.33,1179678
0.37,1178242
0.41,1165490
0.44,1164281
0.45,1164281
0.46,1126837
0.47,1123985
0.47,1110465
0.49,1073685
0.5,1067356
0.52,1064644
0.53,1041451
0.55,1039972
0.56,1026159
0.58,1019192
0.6,1018576
0.63,1016094
0.65,1000548
0.68,993595
0.72,992496
0.75,990914
0.78,950317
0.8,950269
0.83,932328
0.87,931777
