0.0,155267.81579558595
0.13,152277.4779717881
0.26,150624.87303688904
0.38,147946.94012512217
0.51,140870.60541461344
0.63,133202.60830218534
0.76,131146.7553301902
0.88,129975.08005935774
1.0,115823.89114890818
1.12,114857.95255227672
1.25,111893.3391757809
1.37,110274.40995566107
1.62,107178.62669410226
1.74,103531.20262064575
1.86,101111.9870511301
1.98,100765.88387684272
2.13,98835.13497111271
2.37,97750.65188944059
2.61,95438.89887188068
2.73,93710.44605924032
3.32,93512.56211045077
3.44,93060.21659820764
3.56,92774.51793453623
3.92,92722.16927360925
4.04,90786.3164876968
4.28,90105.67481394918
4.4,89613.20724651619
4.64,89204.42642114474
4.75,86609.80529340262
4.87,86274.99471738395
4.99,85757.38414258242
5.23,85196.30175222784
5.35,84977.75316740325
5.47,83414.69464961247
5.71,82816.98048679257
5.83,80847.0213184092
5.95,79919.09884366834
6.19,79017.99940450826
6.3,78208.13471089138
6.9,77155.4837915964
7.18,76815.02889457524
7.29,76500.96393279165
7.41,75677.25822753811
7.8,75363.19326575454
8.05,74909.54742673118
8.28,74866.81129054457
8.65,73965.42387775326
9.26,73757.88867651117
10.44,73651.35891596967
11.14,73205.89741166274
12.25,72940.76718235719
12.73,72912.7140052312
13.31,72621.05035977383
14.26,72139.62762328504
14.74,72139.62762328502
16.99,72043.81091100241
19.23,71553.64722724505
22.58,70918.863092984
22.73,70696.9239641003
23.95,70306.29929095847
24.32,70163.28758496456
24.69,70163.28758496455
25.19,69591.98409798603
25.8,68999.48623811969
26.89,68947.17262502192
27.03,67928.63937376201
27.53,66999.11531022501
28.0,66379.6701922635
28.24,66361.97904825279
28.83,66318.33375879953
31.82,66318.33375879952
32.33,66051.53969535822
36.77,64283.112702929844
45.6,64135.8760750701
46.43,63568.612383836655
52.32,63001.07411735753
61.62,62799.375331381954
