0.0,226683.37298707323
0.0,219375.38764003562
0.0,211707.34577661086
0.0,207382.5158880282
0.0,205408.61251256205
0.0,204318.35543922833
0.0,203312.85345743992
0.0,194444.78299308906
0.0,193561.09614119717
0.0,181322.78947797
0.0,179529.1197723628
0.0,175778.99965614843
0.0,166787.22390678455
0.0,162067.84135627793
0.0,154715.36517716755
0.0,143316.46347593048
0.0,138437.9255573705
0.0,134356.03826938296
0.0,128691.17168592355
0.0,128488.74677100543
0.0,120186.32329830345
0.0,119527.81843062132
0.0,117065.57199702402
0.0,114286.98199482415
0.0,113016.9829081955
0.0,111681.08616258638
0.01,111261.50726239049
0.01,111176.26322547546
0.01,111159.56603028206
0.01,109616.27456765463
0.01,107220.56929279874
0.01,105448.73701613466
0.01,102729.88895587521
0.01,98617.4447847581
0.01,91257.44220860909
0.01,90521.13828326204
0.01,90254.79985905255
0.01,84048.77184876216
0.01,78169.29728522846
0.01,69443.62971173543
0.01,64084.64331447934
