0.0,227428
0.0,225395
0.0,224955
0.0,224233
0.0,223075
0.0,220688
0.0,217022
0.0,213100
0.0,212471
0.0,211029
0.0,211018
0.01,210530
0.01,208290
0.01,206374
0.01,205195
0.01,203425
0.01,197569
0.01,197280
0.01,191479
0.01,189605
0.01,189342
0.02,189110
0.02,188506
0.02,186575
0.02,186304
0.02,178273
0.02,178191
0.02,178043
0.02,176140
0.02,176126
0.02,175515
0.02,172991
0.02,171900
0.02,171881
0.02,171173
0.02,171054
0.02,170538
0.02,170475
0.03,169422
0.03,169145
0.03,167832
0.03,167663
0.03,167232
0.03,166700
0.03,166417
0.03,166354
0.03,165708
0.03,165204
0.03,162047
0.04,161733
0.04,158231
0.04,154583
0.04,154421
0.04,150994
0.04,150314
0.04,149708
0.04,149694
0.04,149127
0.04,145823
0.05,143552
0.05,141321
0.05,140125
0.05,139352
0.05,139070
0.05,137953
0.05,137725
0.05,133733
0.06,133047
0.06,132522
0.06,131880
0.06,130754
0.06,130073
0.06,129991
0.06,129263
0.06,127746
0.06,127318
0.06,127277
0.06,126952
0.06,126803
0.07,126793
0.07,126514
0.07,124970
0.07,124962
0.07,124537
0.08,124179
0.08,123923
0.08,123539
0.08,123000
0.08,120321
0.08,116735
0.08,113637
0.08,109173
0.08,108171
0.08,108170
0.08,107515
0.09,105643
0.09,105509
0.09,104075
0.09,103451
0.09,103009
0.1,102080
0.1,101280
0.1,97228
0.11,95847
0.11,94567
0.11,91882
0.11,91881
0.11,91741
0.11,89654
0.11,89363
0.13,88904
0.13,88256
0.13,88010
0.13,87987
0.14,87918
0.15,87283
0.15,87221
0.15,85734
0.15,85139
0.15,85047
0.16,84650
0.18,83837
0.18,82904
0.18,82495
0.18,82438
0.19,82304
0.21,79438
0.22,79421
0.22,79308
0.22,79166
0.22,79089
0.22,77933
0.23,77287
0.23,75781
0.23,75328
0.24,75277
0.24,75269
0.24,73534
0.24,73201
0.24,72832
0.25,72647
0.25,72008
0.25,71772
0.25,71090
0.25,70541
0.26,70404
0.29,68819
0.29,68392
0.3,67146
0.3,66652
0.31,66573
0.31,66202
0.33,65693
0.34,65627
0.34,65275
0.34,65089
0.35,64643
0.35,63741
0.36,63599
0.38,63303
0.39,63255
0.41,61182
0.43,61176
0.47,61063
0.5,60317
0.5,59826
0.5,59341
0.51,59341
0.51,59127
0.52,59037
0.54,58495
0.56,58127
0.64,57985
0.64,57619
0.66,57258
0.66,56812
0.7,56610
0.76,56286
0.8,55951
