0.0,600928
0.0,596531
0.0,594493
0.0,594274
0.0,594033
0.0,586968
0.0,584045
0.01,583648
0.01,582889
0.01,578320
0.01,574293
0.01,573524
0.01,563353
0.01,562612
0.01,562486
0.01,561416
0.01,561002
0.01,556685
0.01,556535
0.01,551857
0.01,550129
0.01,549473
0.01,548848
0.01,547269
0.02,546949
0.02,545735
0.02,543742
0.02,543635
0.02,536972
0.02,536846
0.02,536554
0.03,534064
0.03,525992
0.03,523499
0.03,520686
0.03,519489
0.03,516742
0.03,513013
0.03,511339
0.03,496948
0.04,495861
0.04,490106
0.04,488684
0.04,486167
0.05,485547
0.05,483605
0.05,480820
0.05,469948
0.05,469658
0.05,456786
0.05,452473
0.05,451566
0.05,451268
0.05,449927
0.05,445430
0.05,443787
0.06,440015
0.06,439241
0.06,435053
0.06,435052
0.06,434741
0.06,433181
0.07,432618
0.07,429622
0.07,428314
0.07,427973
0.07,426964
0.07,426811
0.07,425501
0.07,421561
0.08,421225
0.08,418048
0.08,416862
0.08,416222
0.08,415770
0.08,412768
0.08,412581
0.08,412401
0.08,411840
0.08,410012
0.09,407760
0.09,402464
0.09,402040
0.09,400212
0.09,400032
0.1,399270
0.1,395840
0.1,394581
0.1,392420
0.1,387427
0.1,386115
0.1,384832
0.1,374114
0.11,365826
0.11,364595
0.11,364193
0.11,360701
0.11,360308
0.11,359304
0.12,356868
0.12,355628
0.12,355043
0.12,354032
0.12,353933
0.12,352216
0.12,346481
0.12,343338
0.13,342330
0.13,341204
0.13,341106
0.13,330289
0.13,330091
0.14,327137
0.14,320315
0.14,314907
0.16,313998
0.16,313804
0.16,311379
0.16,309963
0.17,307424
0.17,306406
0.17,306260
0.17,304776
0.17,303577
0.18,301711
0.18,301600
0.18,300622
0.18,300283
0.18,294760
0.18,294217
0.19,293335
0.19,292882
0.19,292386
0.19,290060
0.2,290031
0.2,289148
0.2,288417
0.21,288382
0.22,287950
0.23,287079
0.23,286842
0.23,286293
0.23,285747
0.23,285340
0.24,283235
0.24,282276
0.24,280312
0.24,280156
0.24,279376
0.25,278875
0.25,271238
0.25,269710
0.27,269703
0.29,268976
0.29,267508
0.29,266844
0.29,266676
0.3,265491
0.3,265182
0.3,264285
0.3,263910
0.31,263008
0.31,262139
0.31,258172
0.32,255624
0.32,254062
0.33,253715
0.33,252025
0.33,250686
0.34,248682
0.38,247362
0.39,247223
0.39,246250
0.43,243766
0.43,242948
0.43,241581
0.43,240958
0.43,240182
0.44,239915
0.44,239766
0.45,238909
0.45,238364
0.46,238087
0.47,237402
0.48,237003
0.48,236568
0.48,235909
0.48,235556
0.49,234087
0.49,233797
0.49,233658
0.52,232391
0.54,232232
0.54,232152
0.54,231774
0.55,231097
0.55,230406
0.55,225118
0.56,224883
0.56,224453
0.57,224420
0.57,223606
0.57,223141
0.57,221106
0.57,220704
0.58,220024
0.58,219596
0.59,218803
0.59,218656
0.63,218029
0.65,217990
0.66,216593
0.66,216582
0.69,216486
0.69,215959
0.69,215397
0.72,214636
0.75,214404
0.75,214219
0.75,214179
0.8,214110
0.84,213344
0.85,212739
0.85,212015
0.86,211839
0.94,211319
0.96,211219
1.0,211210
1.0,211198
1.0,211182
1.01,210653
1.01,210575
1.01,210524
1.02,208815
