0.0,583671.4015084478
0.0,561140.0912392252
0.0,545824.9627607601
0.0,530932.3862132123
0.0,523157.1560651133
0.0,511411.02087663795
0.0,509963.774172935
0.0,493770.1394062985
0.0,473098.1490068259
0.0,451486.62482022174
0.0,433538.25499175437
0.0,426043.57560857857
0.0,417930.1512367135
0.0,399438.4814358619
0.0,394042.05551735836
0.0,391349.95540357556
0.01,388085.09173612
0.01,386943.0050626389
0.01,386312.5872939988
0.01,375314.6377689636
0.01,373628.31293583446
0.01,368044.3726713207
0.01,363285.68786399125
0.01,351763.6597415827
0.01,350672.2805094536
0.01,346962.38623616606
0.01,340913.81577661843
0.01,329976.48077981174
0.01,328801.717367423
0.01,327582.1794572597
0.01,323061.9594271274
0.01,310509.1295741937
0.01,299176.257512246
0.01,289770.3202993097
0.01,286838.2152751713
0.02,281440.34729925974
0.02,274470.53192930506
0.02,266370.9140365846
0.02,262861.94168024015
0.02,259557.5275644014
0.02,259180.6188269772
0.02,253613.77725210763
0.03,248926.6570592712
0.03,243062.98683372236
0.03,242804.7017334667
0.03,240688.17368970363
0.03,240452.16590424912
0.03,237859.12167207134
0.03,236771.21788298502
0.03,227510.57529099478
0.03,218962.20971606573
0.03,218828.01284481818
0.03,208470.86115400912
0.03,207079.959964581
0.03,203869.99356299097
0.03,197359.68666615934
0.03,197237.67243490138
0.03,196907.34211962714
0.03,189968.0643609232
0.03,185835.9224144931
0.03,184581.32098550562
0.03,171161.14056104835
0.03,168475.37728169255
0.03,168439.79481599672
0.03,168151.44891647992
0.03,142234.44266387797
0.03,142229.26161338703
