0.0,456171.3553333867
0.19,442187.0731696079
0.37,431393.98135118606
0.56,393944.3508690795
0.74,385505.85738295206
0.92,376887.4412753663
1.11,375463.3672796624
1.29,370306.5478346353
1.49,369883.49833170726
1.69,356634.2888625366
2.05,344537.1260700542
2.26,342972.9349321336
2.44,340481.81788870983
2.63,334776.9077326998
2.81,331565.01504217053
3.18,326587.3588888805
3.54,317703.7397226213
3.92,309162.50857756124
4.29,308788.47120145493
4.48,301715.8148194854
4.66,292182.3538878725
4.84,285903.7516982284
5.21,285493.08283432235
5.39,284292.3435360922
5.58,281426.9786753408
5.77,273164.883609962
5.95,271763.9685053933
6.14,268243.63808384235
6.33,266671.35861762235
6.75,260571.1312498055
7.3,259403.16532555752
7.49,257557.8722365816
8.4,257471.46114544742
8.59,257355.25981014923
8.78,256417.26304003765
8.97,255680.68404115597
9.15,251480.81516813114
9.34,248717.7609344615
9.52,243467.96365808783
9.71,243321.2428406403
9.88,238953.3045041861
10.25,236778.78019799554
10.98,236135.37401381764
11.57,233982.15156925638
11.77,232105.78715185873
12.0,231489.34413783147
12.57,231366.87253767342
12.75,224574.47819471973
13.48,224440.29213805898
15.35,221984.75032133918
16.26,220800.39733847693
17.22,220261.32330453148
17.59,219150.4185147235
18.32,217689.29521853657
18.54,216969.10902631085
18.73,215762.51006242496
18.91,215266.98575365805
19.65,212649.75239458724
20.64,212293.29026345297
21.0,210616.23178277226
22.02,208703.2161194397
22.21,208408.0687212648
22.58,207151.6200296367
22.76,206741.30331687047
23.13,203326.3888158935
23.33,203320.07263626295
23.69,201305.36289824676
24.25,199688.3191630821
24.64,199045.35183121983
24.83,197602.65329768482
25.2,197418.9612074606
25.63,193196.2189538866
26.18,193124.96206052817
26.37,192304.19461773557
27.29,190339.6441554159
28.1,189626.88533921196
29.59,188042.6149535602
31.63,187330.49883637286
31.99,185039.52462311974
32.37,183860.72075715315
32.74,183211.13250510176
33.11,183002.62435339837
33.29,181396.61805324178
33.47,181166.19485777852
33.65,181050.73783073603
34.24,179684.404537607
34.42,179413.1568855277
34.6,179021.5974191502
34.78,178599.41877548245
34.97,175801.2937630909
35.16,173996.64612667225
36.67,173027.16145818034
37.04,172821.44005676586
37.22,172640.37612440373
37.77,171257.50732365594
37.96,170724.6670047147
38.15,170081.14687428268
38.34,169268.66072556612
38.52,168125.84129092869
38.89,167801.16722040108
39.27,167451.23248039183
39.83,167451.2324803918
40.4,166929.46858214523
40.59,165945.1107835192
41.14,165012.8012458561
41.33,164491.03734760953
43.13,163685.00137375057
43.31,163150.2755094523
43.69,160714.53880259275
45.91,160140.91696210517
46.49,159949.72666674497
47.6,159274.7333453631
48.07,158513.1372075548
48.78,157945.63152644513
49.43,155291.5478169215
53.03,153273.2314920919
53.59,150469.62378143062
64.61,149862.86018145937
71.44,149846.6504603235
77.38,148783.86435615463
79.34,147254.4904429328
81.24,147005.01165166078
87.38,146088.80191439335
92.84,145444.35633509638
100.92,145176.3629086115
103.5,144398.71570434357
115.01,144398.71570434354
117.11,144398.7157043435
117.29,142836.62356635462
117.48,142836.6235663546
119.18,141778.9470419757
119.56,141592.25014961744
119.74,141081.2378445547
120.85,141081.23784455465
129.18,139921.1434554726
129.75,139921.14345547257
130.52,138045.73582201617
131.08,137078.89215973282
138.21,136151.3369108269
138.62,135529.72380048034
145.2,135529.7238004803
147.11,135382.92290253108
149.8,134130.86937462888
152.71,133810.90344720366
154.64,131167.7045049093
158.11,128603.97535052572
158.48,128603.97535052571
159.26,128062.95107820039
161.96,127539.72433713201
181.67,127374.71745332258
191.95,127339.8994329495
202.16,127339.89943294947
202.56,127339.89943294946
203.56,126744.9943559078
206.93,126627.593422474
212.38,126389.9158508192
213.15,126352.92149181686
