0.0,7737723
0.0,7392937
0.0,7066085
0.0,6784987
0.0,6487027
0.0,6285962
0.0,6092505
0.0,6056263
0.0,6045119
0.0,5949790
0.0,5932195
0.0,5892578
0.0,5872589
0.0,5816249
0.0,5778725
0.0,5707242
0.0,5700068
0.0,5695693
0.01,5687813
0.01,5649798
0.01,5587940
0.01,5548061
0.01,5539726
0.01,5487108
0.01,5470394
0.01,5410224
0.01,5393072
0.01,5276898
0.01,5245694
0.01,5036948
0.01,4853698
0.01,4670130
0.01,4526641
0.01,4183697
0.01,3828617
0.01,3532323
0.01,3308909
0.01,3069731
0.01,2770177
0.01,2651043
0.01,2560408
0.01,2544282
0.01,2533884
0.01,2427280
0.01,2421114
0.02,2412581
0.02,2381186
0.02,2348922
0.02,2313523
0.02,2155343
0.02,1996124
0.02,1879116
