0.0,7688967
0.0,7685057
0.0,7671240
0.0,7663776
0.0,7643723
0.0,7631709
0.0,7600859
0.0,7600469
0.0,7586633
0.0,7529926
0.0,7498580
0.0,7491449
0.0,7483994
0.01,7483530
0.01,7459132
0.01,7439178
0.01,7413057
0.01,7271715
0.01,7267818
0.01,7233658
0.01,7201690
0.01,7196900
0.01,7193555
0.01,7187459
0.01,7166042
0.02,7136707
0.02,7135636
0.02,7133388
0.02,7133285
0.02,6927048
0.02,6923469
0.02,6885263
0.02,6841617
0.02,6840475
0.02,6755661
0.02,6717938
0.02,6703230
0.02,6698792
0.02,6630907
0.02,6546684
0.02,6490067
0.03,6458112
0.03,6426545
0.03,6330217
0.03,6303818
0.03,6296825
0.03,6242018
0.03,6240500
0.03,6239888
0.03,6154693
0.03,6121574
0.03,6026348
0.03,5929095
0.03,5903400
0.03,5903330
0.03,5898992
0.03,5872618
0.03,5867845
0.04,5750115
0.04,5746757
0.04,5743557
0.04,5728882
0.04,5550862
0.04,5486592
0.04,5485081
0.05,5477086
0.05,5439533
0.05,5379900
0.05,5121971
0.05,4987452
0.05,4982215
0.05,4971164
0.05,4955434
0.05,4945114
0.05,4936597
0.05,4913141
0.05,4908103
0.05,4786654
0.05,4781028
0.06,4740627
0.06,4684994
0.06,4683048
0.06,4682734
0.06,4668612
0.06,4662929
0.06,4658019
0.07,4652049
0.07,4650671
0.07,4497855
0.07,4457377
0.07,4451461
0.07,4447065
0.07,4445856
0.08,4365483
0.08,4363781
0.08,4329164
0.08,4316212
0.08,4295829
0.08,4286173
0.08,4284299
0.08,4282009
0.08,4277821
0.08,4265913
0.09,4238366
0.09,4232889
0.09,4167483
0.1,4142656
0.1,4136617
0.1,4134852
0.1,4126125
0.1,4098465
0.1,4095398
0.1,4079027
0.11,4055432
0.11,4021107
0.11,4007492
0.11,4000757
0.11,4000326
0.11,3992616
0.11,3992505
0.11,3986269
0.11,3973951
0.12,3946647
0.12,3944790
0.12,3929440
0.12,3918823
0.12,3849374
0.13,3829045
0.13,3816143
0.13,3810719
0.13,3810571
0.13,3789746
0.13,3769341
0.14,3749902
0.14,3748509
0.15,3744890
0.15,3743928
0.15,3730427
0.15,3716354
0.15,3695965
0.15,3694672
0.15,3690229
0.15,3671081
0.15,3631701
0.16,3622924
0.16,3615023
0.16,3611595
0.16,3595430
0.16,3553278
0.16,3533446
0.17,3526290
0.17,3519088
0.18,3460697
0.18,3455086
0.18,3451529
0.18,3443737
0.18,3439514
0.18,3438405
0.18,3402240
0.19,3391499
0.19,3391451
0.2,3376612
0.2,3374295
0.2,3346007
0.2,3333512
0.2,3319578
0.2,3314599
0.2,3248819
0.2,3139183
0.2,3129728
0.21,3093177
0.22,3092710
0.22,3086484
0.22,3073209
0.22,3043852
0.23,3040476
0.23,2967489
0.23,2937236
0.23,2934941
0.23,2927263
0.23,2924597
0.23,2924067
0.23,2882632
0.23,2842216
0.24,2837280
0.24,2826987
0.24,2823973
0.24,2811524
0.24,2807599
0.25,2803096
0.25,2802374
0.25,2801698
0.25,2801307
0.25,2791461
0.26,2747270
0.28,2747014
0.28,2740190
0.28,2625368
0.28,2586658
0.3,2568927
0.31,2568115
0.31,2547159
0.31,2520946
0.31,2520571
0.32,2508234
0.32,2507113
0.32,2485775
0.32,2481507
0.32,2465739
0.33,2455247
0.33,2448596
0.34,2448250
0.35,2430955
0.35,2424488
0.36,2424478
0.36,2422282
0.36,2397376
0.36,2361909
0.36,2315234
0.36,2301582
0.37,2300110
0.38,2279119
0.39,2269066
0.4,2268763
0.41,2263910
0.41,2243943
0.42,2206605
0.43,2195881
0.44,2149467
0.44,2141937
0.44,2140574
0.45,2113963
0.46,2100389
0.46,2095264
0.48,2092345
0.5,2087462
0.5,2086153
0.5,2063339
0.51,2051387
0.52,2040260
0.52,2038569
0.52,2029008
0.54,2004315
0.55,1996254
0.57,1992697
0.57,1989310
0.58,1967022
0.58,1965307
0.61,1963068
0.61,1960303
0.61,1956746
0.65,1930099
0.65,1872527
0.66,1871113
0.67,1868388
0.67,1855136
0.67,1850135
0.71,1834480
0.74,1827613
0.74,1816472
0.8,1808589
0.83,1797018
0.84,1792380
0.84,1789092
0.84,1787543
0.84,1784414
0.84,1783926
0.87,1783713
0.88,1740881
0.9,1736041
0.9,1727522
0.92,1727522
1.07,1725329
1.09,1724812
1.18,1711457
1.36,1685602
1.43,1684809
1.71,1676152
1.78,1676152
