0.0,6114331
0.16,5712541
0.31,5569889
0.48,5531884
0.66,5188249
0.82,5073589
0.97,5020233
1.12,4754376
1.27,4721413
1.42,4698646
1.57,4593964
1.72,4456735
1.89,4340501
2.06,4184015
2.4,4103652
2.56,3943792
2.89,3892182
3.2,3827455
3.35,3820925
3.5,3703373
3.8,3702322
3.95,3649007
4.09,3611965
4.25,3575335
4.55,3545716
4.69,3539512
4.84,3489293
5.0,3454763
5.14,3451017
5.29,3106924
5.59,3052803
5.77,2947210
8.14,2939680
8.41,2922905
8.77,2856426
10.0,2854067
11.06,2850272
11.85,2850272
12.36,2830834
12.52,2830834
12.99,2812989
13.61,2794093
13.94,2738505
14.72,2734521
15.53,2728803
15.85,2701760
16.17,2676371
16.49,2647274
16.82,2627292
17.82,2609735
18.56,2603898
18.91,2596160
19.4,2572620
19.73,2547818
20.04,2545945
20.2,2544134
20.36,2532457
20.66,2532457
20.81,2530528
20.97,2505311
21.43,2504004
21.6,2504004
22.16,2498550
22.98,2457631
23.61,2447033
26.18,2398870
26.8,2391401
26.99,2386109
27.47,2368139
27.79,2360390
28.56,2358522
29.84,2348424
30.31,2322550
30.97,2315976
31.75,2297458
31.93,2296621
32.26,2264719
32.63,2264719
33.27,2260910
33.42,2240058
33.91,2216067
34.38,2216067
34.54,2214171
35.48,2210857
36.1,2210857
37.26,2192225
38.7,2192225
39.39,2191187
39.72,2173001
39.88,2173001
40.2,2165199
40.53,2164647
40.69,2158263
41.0,2158263
41.31,2153645
41.62,2150565
41.77,2118686
42.29,2112608
42.44,2110612
42.59,2104237
42.92,2096163
43.72,2050934
43.88,2042213
44.66,2040992
45.13,2040336
46.09,2036186
46.93,2036186
49.36,2034897
49.52,2025433
49.85,2022820
50.01,2016471
50.64,2016471
51.24,2000058
51.39,1997953
51.54,1994441
51.7,1985278
51.86,1981294
52.2,1978576
52.5,1972745
52.83,1970211
53.75,1963805
54.39,1960670
54.86,1958490
55.33,1958001
55.64,1951647
55.95,1951041
56.26,1948505
56.41,1948375
57.34,1945308
57.84,1945175
63.92,1938869
67.9,1931726
71.5,1913506
72.95,1910512
73.27,1901031
73.59,1901031
74.39,1891448
79.86,1884402
81.6,1881484
83.01,1880622
84.12,1879569
87.31,1878731
87.78,1878731
88.41,1877868
100.62,1877868
100.93,1868027
101.4,1864467
101.55,1864467
