0.0,4585415
0.0,4534596
0.0,4526558
0.0,4198914
0.0,4180973
0.0,4083492
0.0,3838071
0.0,3774785
0.0,3652179
0.0,3640272
0.0,3535698
0.0,3179876
0.0,3153307
0.0,3138098
0.0,3129741
0.0,3112292
0.0,3110750
0.0,3091284
0.01,3085695
0.01,3083587
0.01,3040387
0.01,2766244
0.01,2743329
0.01,2736919
0.01,2723847
0.01,2508246
0.01,2475980
0.02,2465179
0.02,2454538
0.02,2418369
0.02,2090965
0.02,2035141
0.02,2030201
0.02,2014041
0.02,2011004
0.02,2007970
0.02,2005405
0.02,1955582
0.03,1946987
0.03,1938902
0.03,1898472
0.03,1864753
0.03,1849733
0.03,1828187
0.03,1814759
0.03,1813347
0.03,1803912
0.03,1784580
0.03,1781848
0.03,1775886
0.03,1764750
0.04,1759895
0.04,1758523
0.04,1741216
0.04,1740808
0.04,1733129
0.04,1729743
0.04,1725382
0.04,1722287
0.04,1703730
0.04,1691931
