0.0,2909060
0.07,2630020
0.14,2590583
0.24,2513526
0.32,2440163
0.39,2203248
0.46,2176743
0.53,2030461
0.6,1994870
0.67,1949081
0.74,1930873
0.81,1878347
0.88,1867011
0.95,1825723
1.01,1776199
1.22,1768518
1.29,1725494
1.36,1717813
1.5,1704335
1.64,1672730
1.78,1648364
1.92,1644126
1.99,1571428
2.05,1566162
2.19,1564983
2.53,1559461
2.6,1499670
2.74,1494029
2.87,1488507
2.94,1483824
3.09,1483255
3.15,1474710
3.22,1471712
3.29,1469368
3.36,1468447
3.43,1456376
3.56,1449516
3.77,1449103
6.9,1447306
7.66,1439358
10.31,1434460
14.3,1434460
18.32,1433676
18.4,1429584
