0.0,4526558.529176772
0.0,4132628.1165443156
0.0,3713515.336653495
0.0,3269695.466485645
0.0,2958426.35224138
0.0,2662223.1202951493
0.0,2577050.331662255
0.0,2540991.9393578228
0.0,2466214.6764545455
0.0,2455621.6906114523
0.0,2433310.173545099
0.0,2413447.307646994
0.0,2391566.3721147357
0.0,2336692.334787798
0.0,2335868.450492723
0.0,2308448.158095247
0.0,2269667.7375983717
0.0,2205566.923684214
0.0,2184915.7365272874
0.0,2175582.805939803
0.0,2077033.8484322962
0.0,2076929.0100379153
0.0,1990992.1482175714
0.0,1976187.7683118542
0.0,1654382.6014011367
