0.0,6994627.520372745
0.0,6968531.220116807
0.01,6951592.726078255
0.08,6950787.451172406
0.14,6946523.781707513
0.15,6943364.4691708945
0.15,6938528.388841891
0.15,6927121.601091203
0.16,6906887.139177709
0.16,6900803.234432412
0.17,6865376.447811271
0.18,6842283.908903174
0.19,6796602.247170534
0.19,6793780.185151052
0.2,6782444.348685459
0.2,6771503.555775552
0.2,6767254.322933174
0.21,6761580.666006077
0.21,6728647.970657488
0.21,6678168.276448698
0.22,6675473.8027985785
0.23,6669468.808522785
0.23,6667273.813176186
0.24,6666035.534074614
0.25,6660277.948442276
0.25,6659818.220806041
0.25,6645520.948066025
0.26,6636733.470041459
0.26,6621351.576439615
0.27,6620879.878693017
0.27,6606274.388686008
0.28,6602435.047839619
0.28,6598019.589278583
0.28,6596343.481443585
0.29,6594477.444707408
0.29,6589940.10500255
0.29,6566212.464552799
0.32,6545723.645132347
0.33,6499477.026165631
0.33,6483108.886648632
0.34,6444022.0850268435
0.34,6422202.730910292
0.35,6404857.710176719
0.35,6393265.862173621
0.36,6393000.3956761975
0.36,6388079.973687918
0.36,6381215.0158383995
0.43,6365253.655799414
0.44,6363606.288644106
0.44,6361919.2008496225
0.44,6358192.817180023
0.45,6357557.968830257
0.45,6355997.886096117
0.45,6340197.487102253
0.45,6315318.769422979
0.46,6315280.066146583
0.46,6304108.975557539
0.47,6285328.045593587
0.47,6281451.082380656
0.48,6252385.403401742
0.49,6232965.745491481
0.49,6208681.744525428
0.49,6198382.961316589
0.49,6192493.789682094
0.49,6183421.82652194
0.49,6175417.307742502
0.5,6172326.950433853
0.51,6153918.296504212
0.51,6151959.360111282
0.51,6140398.0252789855
0.52,6136224.71273933
0.53,6109508.345619323
0.53,6108764.10895174
0.54,6101135.639308278
0.54,6081943.626311999
0.55,6078131.714534528
0.56,6067180.700877053
0.56,6041392.996812837
0.57,6007714.0542438775
0.57,5986219.893957345
0.58,5977824.925648241
0.58,5966828.227134773
0.59,5956072.524582693
0.59,5954991.325932354
0.59,5945547.18869308
0.59,5941519.597451346
0.61,5918924.757749299
0.61,5913956.740492723
0.61,5913078.288584631
0.61,5901433.141092874
0.61,5900635.71777113
0.61,5898685.777172287
0.61,5895497.523945967
0.62,5852236.771775204
0.62,5842994.569753244
0.63,5829046.16837379
0.67,5820506.384290619
0.68,5818105.042055611
0.68,5811635.5394002255
0.68,5801371.689613069
0.7,5760553.483619613
0.71,5758978.270547241
0.71,5740256.069353632
0.73,5730248.037122074
0.74,5728914.433340748
0.74,5720786.838463451
0.74,5710019.76760428
0.74,5704771.919097827
0.75,5703944.463042628
0.75,5701242.23749894
0.76,5694832.108812044
0.77,5687959.6909553865
0.77,5677917.333086741
0.78,5667092.355563966
0.78,5661011.081133648
0.79,5654477.394968529
0.82,5644307.344423263
0.85,5624837.7501624385
0.87,5618953.791487073
0.88,5616549.469621086
0.89,5605187.88282746
0.89,5581032.310890987
1.16,5551932.306163666
1.23,5530368.606526995
1.25,5509390.200733826
1.37,5441955.777932225
1.38,5441717.115937786
1.39,5425856.472543495
1.39,5422716.227632493
1.4,5413714.055721149
1.43,5385165.086344084
1.49,5368302.419982523
1.51,5358313.772741884
1.71,5353321.232126903
1.71,5346691.956567323
1.72,5338308.636184366
1.72,5335345.9842543565
1.72,5312831.300143825
1.73,5300292.29653175
1.74,5294737.194347864
1.74,5289767.315313475
1.74,5283630.541304091
1.74,5276434.716052005
1.76,5276325.111542501
1.77,5272219.491746509
1.77,5265312.05969811
1.78,5263692.669674836
1.79,5261410.363235755
1.79,5242351.39738417
1.81,5221670.224875642
1.87,5205403.134175846
1.87,5201066.544107091
1.88,5190193.339712318
1.88,5188834.705918517
1.88,5188759.586190421
1.88,5182601.005742429
1.88,5175166.023886487
1.89,5173991.89884083
1.89,5167421.879829792
2.07,5159808.287852504
2.09,5152758.867061623
2.1,5151110.859371678
2.12,5118448.330385911
2.13,5117302.409283298
2.13,5113920.366108832
2.15,5112863.487875949
2.15,5106565.318100684
2.16,5099604.675254834
2.17,5094402.3247720925
2.17,5091269.654079941
2.17,5090824.713763275
2.2,5082281.995240735
2.2,5077023.930550302
2.21,5068453.327617174
2.21,5066859.358065285
2.22,5061805.243973072
2.22,5058204.517581482
2.23,5057234.602810133
2.27,5056777.515994561
2.27,5054776.988859222
2.27,5049501.2442087615
2.27,4964503.632396086
2.28,4963099.808065131
2.3,4960753.439079542
2.3,4957204.118759675
2.31,4900963.696557452
2.32,4898988.000293037
2.32,4897210.280157574
2.32,4895343.151544019
2.32,4895301.82269421
2.32,4893917.126114571
2.33,4892508.048962726
2.34,4890399.140516019
2.35,4885941.21597698
2.35,4880253.530001835
2.36,4872411.490759095
2.37,4837018.184510063
2.37,4827161.669450173
2.37,4826945.827206426
2.37,4826216.687261854
2.37,4823390.500088297
2.4,4819833.303609134
2.4,4811544.19191104
2.41,4810712.121550359
2.41,4806929.066534871
2.41,4801449.445585573
2.41,4796313.904412474
2.42,4792248.145388506
2.42,4786248.97319264
2.53,4764110.382882516
2.55,4749515.827247154
2.58,4743999.221590584
2.7,4710497.411960804
2.71,4707798.588972053
2.73,4702223.06888402
2.73,4695252.508809417
2.74,4691223.861136723
2.74,4646232.531771906
2.76,4618056.693665989
2.78,4610771.235640241
2.79,4604238.063467152
2.83,4599313.261696109
2.86,4592850.134804365
2.86,4589885.78701798
2.86,4589208.96388593
2.87,4585190.418673987
2.87,4584166.446849047
2.87,4573035.954008542
2.88,4570013.774872685
2.88,4567582.904695425
2.89,4552275.67152883
2.9,4539052.911626935
2.91,4534875.240044771
2.91,4534151.255040715
2.91,4532304.793580312
2.92,4523299.792385515
2.94,4510048.666341057
2.94,4505608.11319302
2.94,4496453.038842175
2.98,4486234.764403504
2.98,4485165.114308294
2.99,4483308.535777395
2.99,4477301.939452716
3.0,4476239.051798527
3.01,4446768.536104387
3.01,4442748.871374653
3.01,4441066.570149541
3.01,4436215.350979169
3.03,4418883.154214934
3.07,4414540.282887425
3.08,4413041.389988815
3.08,4408065.496998761
3.08,4406043.710697526
3.08,4404383.494222077
3.09,4404031.757761705
3.09,4400750.739926834
3.09,4398597.083855008
3.09,4392905.852166187
3.1,4391773.958810044
3.1,4302976.645937228
3.1,4295964.194645391
3.12,4295571.164614538
3.13,4294366.372830524
3.13,4292059.18544335
3.13,4288323.204280007
3.13,4286827.071003803
3.14,4283028.575941629
3.14,4282490.594829686
3.14,4280902.5678383205
3.15,4279108.258125727
3.16,4277024.30068317
3.16,4275765.309378535
3.16,4272518.03394489
3.16,4266634.227974257
3.16,4263969.18105487
3.16,4263669.148252067
3.17,4263291.329161967
3.17,4262376.874172544
3.18,4261976.294205696
3.18,4260887.668129307
3.19,4260650.101334239
3.2,4258260.644992289
3.21,4254817.286821634
3.21,4254777.48457837
3.21,4254374.038898803
3.25,4253738.242398569
3.26,4251475.467246356
3.26,4247953.074920613
3.28,4245780.966024219
3.28,4245620.271877353
3.29,4244684.911573551
3.31,4243663.028152425
3.31,4242740.655925372
3.31,4242157.184942792
3.37,4230451.766896734
3.39,4227860.785053892
3.39,4225832.755115775
3.39,4224600.525237586
3.4,4216509.26305364
3.4,4216090.67860197
3.42,4214661.347104037
3.42,4213101.254937587
3.42,4212597.255684748
3.53,4210197.339534875
3.53,4209037.198554664
3.56,4204829.955254617
3.58,4203031.783203805
3.59,4195637.577377805
3.59,4194218.2939304183
3.6,4193837.0585948345
3.6,4181099.608085697
3.6,4179387.6124944347
3.6,4169342.3619025503
3.61,4169007.0799944256
3.61,4164868.822954793
3.61,4159866.5106409485
3.62,4157842.668496715
3.63,4157625.8437151806
3.63,4156205.6864564163
3.63,4150612.963685797
3.64,4150521.0148958666
3.64,4149487.9387084395
3.64,4149065.268051241
3.64,4146349.148759111
3.64,4143305.1534933173
3.64,4139436.634498257
3.65,4133493.518721744
3.65,4128353.3564574476
3.65,4122590.41466896
3.67,4121785.6012484333
3.68,4118491.7654160564
3.68,4118289.809137277
3.69,4118008.5294514173
3.7,4116921.5667149886
3.7,4114113.0951938224
3.71,4111029.7427363913
3.71,4110708.2119929693
3.71,4109388.847451093
3.74,4099664.36699706
3.76,4098790.1575187673
3.76,4097889.8394705164
3.77,4096270.4325759537
3.79,4093648.9901697156
3.8,4092499.207035827
3.8,4091114.6638553883
3.8,4091094.0553188235
3.82,4090080.9282866213
3.84,4089470.0130376704
3.86,4087419.262254198
3.86,4087179.688721332
3.86,4087085.5542290444
3.88,4086829.807970958
3.94,4085994.208935311
3.96,4085844.9540645573
3.97,4085594.1473471522
4.02,4085274.484072277
4.03,4084589.3310281048
4.03,4082615.1268791
4.04,4080261.913606452
4.04,4077855.086247649
4.07,4076672.8545206534
4.07,4073648.5602208106
4.07,4073423.695149252
4.14,4072500.954731203
4.15,4071437.4442960075
4.28,4070358.316363149
4.34,4070144.585853553
4.42,4069470.9140502936
4.43,4069455.895768353
4.47,4068903.606046134
4.49,4068729.959661609
4.5,4068483.238116654
4.53,4067692.3192691174
4.53,4067554.0570215443
4.54,4067430.8731332314
4.55,4067059.1137040104
4.56,4066759.2302406644
4.56,4066197.298030459
4.56,4061365.740444522
4.56,4060801.2276887414
4.57,4053963.808978434
4.57,4053538.7442038823
4.57,4053205.662373124
4.57,4050049.483318765
4.59,3995199.7051617433
4.59,3994811.5630828463
4.6,3981528.361506728
4.6,3861365.6777120363
4.61,3846338.7792618494
4.61,3813918.6339135244
4.65,3806200.9175119395
4.65,3801583.3307562997
4.66,3780042.4878326887
4.66,3770039.6047598165
4.69,3761720.125061424
4.75,3758682.9642817914
4.79,3758511.2279162696
4.79,3755819.810307602
4.79,3743960.794923066
4.8,3714847.6692804764
4.81,3710893.5327109727
4.81,3689053.4774555042
4.85,3688888.071628117
4.85,3657772.4069952453
4.85,3567124.2378452155
4.86,3544638.8568783375
4.88,3543743.8286217744
4.89,3537855.58494029
4.9,3537096.087983944
4.9,3499528.4662943217
4.91,3470763.390612974
4.91,3466990.2509073904
4.95,3464135.69281138
4.96,3461091.178925685
4.96,3376461.8362878026
4.97,3373606.660216368
4.98,3372993.925960069
4.99,3372918.045394728
4.99,3372237.039659491
5.01,3359815.5456067794
5.04,3345880.6564221173
5.06,3344295.327369917
5.06,3337120.4292751225
5.06,3270532.26052153
5.07,3269235.278987227
5.07,3268661.859556808
5.08,3261196.284758238
5.09,3260541.638687304
5.1,3260373.544888164
5.1,3258703.830252869
5.1,3251028.4674328174
5.1,3244691.1902140765
5.11,3201453.0138158677
5.11,3199983.9207909624
5.11,3196919.01711263
5.13,3196438.6425756966
5.14,3194250.1371390335
5.14,3192283.0428017923
5.14,3188145.268793438
5.14,3188089.038219555
5.15,3187089.7269528303
5.15,3186520.1059553083
5.15,3185701.328262545
5.16,3185250.7231616927
5.16,3172460.8249293533
5.16,3094103.6205796255
5.16,3091027.5687803878
5.17,3082963.870157561
5.2,3082895.9252560386
5.21,3071277.1361799673
5.22,3069236.333644304
5.22,3067192.347648625
5.22,3064452.686397831
5.22,3057666.1588211516
5.23,3049260.1497664535
5.24,3048246.3536677305
5.26,3041543.0389378103
5.28,3041421.1536294986
5.28,3039588.5129391993
5.29,3038195.9384702267
5.29,3035029.8362876396
5.29,3034674.6389383064
5.3,3012798.411073022
5.3,2993800.797672065
5.31,2962815.822296176
5.31,2957771.3378273817
5.31,2956683.2471310943
5.31,2955871.684518987
5.32,2944344.2612053743
5.33,2943986.858959082
5.35,2938161.627514957
5.36,2935486.9802133148
5.37,2929597.1352749076
5.37,2928848.1239720136
5.4,2927563.680933358
5.4,2920401.130111581
5.4,2916746.5579747367
5.4,2913969.0434920695
5.41,2913046.0000944785
5.42,2912099.8770333114
5.44,2909167.4020793014
5.44,2900031.11328469
5.44,2895741.3496796596
5.44,2891776.935286974
5.47,2887850.759794673
5.47,2882951.049993205
5.47,2881044.746467054
5.48,2878976.4187775706
5.48,2877161.749332622
5.49,2876108.4782123016
5.49,2874753.391677371
5.5,2872068.345396942
5.5,2849884.5775662377
5.51,2848347.273621258
5.53,2846967.4367573746
5.53,2845438.5740156933
5.54,2842963.3050783575
5.57,2842956.2976871375
5.57,2841477.8567031785
5.57,2836701.3581144884
5.58,2835595.14287318
5.58,2834366.6474910476
5.59,2832334.750626066
5.59,2828051.3649488348
5.59,2827709.748140007
5.59,2825426.278585565
5.62,2824209.010054846
5.62,2820212.188728712
5.63,2820026.715771634
5.63,2819271.3457596325
5.63,2819214.9293867517
5.64,2811447.085719209
5.65,2808542.205629783
5.65,2801025.0928008067
5.66,2799738.33448022
5.67,2799036.953391788
5.7,2798645.2810322535
5.72,2797910.52641651
5.72,2795448.762428608
5.73,2791810.0802206285
5.74,2787005.964841364
5.74,2786067.1959630856
5.74,2785591.433721889
5.77,2782995.811618836
5.81,2782053.7733667227
5.82,2781855.862673884
5.86,2780716.7791699823
5.87,2780301.02535684
5.88,2778131.7036145045
5.91,2777472.2341111694
5.91,2776385.898438801
5.93,2775467.4802486715
5.98,2773920.406154962
6.01,2773660.059752891
6.02,2772894.63623763
6.04,2771903.9957313994
6.05,2771873.5586173837
6.06,2771509.53086878
6.11,2771278.6402837266
6.11,2770005.3761643292
6.12,2769139.6732886154
6.14,2767179.592089544
6.15,2766375.706718671
6.18,2765795.737410665
6.2,2765762.009892152
6.23,2765047.807613366
6.23,2764832.912886729
6.26,2764130.846252875
6.26,2763738.552010355
6.3,2763721.876967223
6.31,2763455.9590498726
6.36,2761802.1609534705
6.37,2760990.717492294
6.37,2760934.2773934794
6.4,2758676.021710505
6.42,2758220.6790161594
6.42,2757992.350731999
6.43,2757436.1384214363
6.56,2756371.999434312
6.58,2756283.6426116982
6.6,2753471.078725537
6.61,2753234.1866159933
6.66,2751569.7220841628
6.71,2751476.926947477
6.78,2750672.254418988
6.82,2746965.7982004294
6.93,2740429.53812584
7.11,2740356.7404225497
7.27,2704717.7496749735
7.32,2704502.570168847
7.37,2702855.252718895
7.37,2702777.0503215594
7.37,2641201.385307849
7.41,2640793.2506853766
7.47,2639567.922706523
7.47,2638879.5839292356
7.47,2638708.6660272675
7.47,2637180.6553094597
7.47,2633722.5726439576
7.47,2621579.5227138484
7.48,2620092.5801488417
7.49,2613744.3568604174
7.49,2612339.7394373044
7.51,2610997.386651747
7.57,2610320.3652686127
7.57,2610183.028421975
7.58,2608836.0487506595
7.58,2608801.143685984
7.6,2608132.9893216933
7.61,2607839.703660289
7.61,2607557.1081116307
7.62,2607096.6859128843
7.62,2606776.6102054575
7.62,2605094.193976266
7.63,2594421.1012809286
7.63,2584267.056165938
7.68,2582787.3833196918
7.69,2582696.298919659
7.69,2582612.751881061
7.7,2582376.5945376228
7.7,2582092.9519785508
7.7,2580632.0066304533
7.72,2579690.879103631
7.72,2573528.3682037564
7.75,2565653.2403078033
7.77,2561112.5394864236
7.77,2557222.4589921706
7.78,2556966.5334894373
7.79,2554948.1903067026
7.79,2554790.0922986073
7.82,2551202.182618723
7.82,2549627.9704805007
7.86,2548539.6362660932
7.91,2547204.8967679976
7.95,2547076.9472749014
7.95,2546818.5262925676
8.03,2546510.8895130763
8.07,2544703.473829875
8.08,2543435.3398510357
8.08,2540703.8692983836
8.16,2539147.091041189
8.21,2537495.563589602
8.3,2527263.874592016
8.3,2526454.3287699097
8.31,2522210.536631054
8.32,2521665.4460408767
8.34,2512447.0565134175
8.34,2512160.443334314
8.4,2512071.8509091726
8.4,2511839.6082806303
8.4,2509078.5644812468
8.4,2508344.143999759
8.43,2497899.079407892
8.49,2497717.3996369108
8.49,2494271.2596143973
8.49,2491806.3919356144
8.49,2489443.0412451182
8.52,2486547.787628478
8.53,2485777.8146085558
8.54,2480679.2830211883
8.66,2480603.1558522503
8.79,2480303.799700541
8.79,2478789.8123052083
8.81,2478557.2866668226
8.88,2478421.225198652
8.88,2477035.719436268
8.97,2476969.031227519
9.11,2476873.094320899
9.11,2476232.1875262037
9.18,2475957.5320459306
9.18,2473612.355105617
9.2,2471535.596839321
9.2,2471508.6934526307
9.27,2469501.2406401653
9.28,2468822.7412087265
9.28,2466922.344165778
9.32,2466545.474941584
9.33,2465821.57970342
9.4,2463077.5922900354
9.48,2463050.754130009
9.49,2462942.7034013127
9.52,2462280.640178339
9.57,2462244.172828654
9.58,2460068.6415633634
9.59,2458604.154407647
9.59,2458287.5988050345
9.59,2457860.8425313383
9.59,2456233.383869653
9.61,2456196.848660482
9.61,2453526.525753102
9.66,2453366.8022472323
9.66,2450949.7917093076
9.67,2450372.7060615914
9.7,2450317.2203229577
9.7,2449305.989884723
9.71,2448525.210762504
9.71,2447083.3514937027
9.72,2446461.8807885083
9.84,2446295.445125297
9.92,2446016.601041649
9.99,2445896.6387403854
10.04,2443816.2369375164
10.07,2441578.8412241233
10.09,2440874.359987075
10.12,2438139.0399977383
10.12,2437229.7029995504
10.14,2436475.3094293405
10.25,2436468.540304589
10.25,2415963.2946423152
10.26,2403800.6774434033
10.29,2397133.605143124
10.32,2395261.3138453076
10.32,2381129.5688969316
10.38,2365346.637167093
10.4,2356501.115285942
10.4,2318002.9082113425
10.42,2315335.7584587927
10.52,2308610.5580936447
10.52,2307817.0280644363
10.53,2304565.9223770024
10.53,2269973.8254648033
10.56,2266436.926179845
10.57,2260204.3685861058
10.62,2258512.1174006797
10.62,2257127.739306944
10.62,2254056.364367938
10.67,2252025.221937079
10.71,2237543.4882092196
10.72,2228361.5119239045
10.76,2226713.664353341
10.8,2222465.4955232074
10.81,2219108.1883884827
10.82,2218718.768640737
10.85,2216194.95261358
10.85,2216103.9219928673
10.87,2215969.773088525
10.92,2215646.831997537
10.92,2214022.088949713
11.05,2213891.002215962
11.05,2209142.65433104
11.06,2208781.2735542916
11.09,2208332.3276673798
11.09,2207532.498203717
11.1,2207007.6168172555
11.11,2206751.9495055308
11.18,2206255.8346262737
11.25,2206180.160388144
11.27,2205524.799265385
11.27,2203345.225370289
11.3,2200828.3166958136
11.43,2200539.083554294
11.61,2200382.32974785
11.7,2199233.0448789867
11.7,2198652.2465828857
11.72,2197365.8998102313
11.75,2195313.9654002874
11.77,2195268.1289097457
11.8,2194092.4118163423
11.81,2194018.273765058
11.81,2188516.8315862617
11.84,2188019.529765931
11.86,2186830.956715804
11.93,2186692.52643064
11.97,2184287.588516957
12.07,2171858.297340242
12.07,2171140.302528383
12.07,2166409.9070657683
12.13,2165603.9360121307
12.13,2165194.6505688066
12.23,2165106.723989126
12.23,2164324.627600126
12.64,2157777.4165560813
12.64,2157110.269770661
12.66,2156028.4919121647
12.66,2154694.2100777416
12.69,2152392.5640304694
12.7,2145905.9063633415
12.76,2144127.1594276484
12.77,2143898.7027558833
12.82,2141015.400612154
12.85,2140398.28433761
12.85,2139685.5598751437
13.09,2139489.7690047915
13.19,2133645.376174799
13.23,2132936.652668524
13.24,2130997.1121254805
13.28,2129849.4217391596
13.31,2128929.286550004
13.33,2128842.287079474
13.36,2127755.6959323646
13.41,2126368.790970503
13.45,2123380.032667109
13.49,2120165.4186376655
13.51,2118865.6176739465
13.52,2118308.269450256
13.53,2117062.729191753
13.55,2116150.655402351
13.72,2111792.7750790184
13.72,2108748.8819707567
13.89,2104871.9774411414
14.18,2104871.178474841
14.2,2103751.253436393
14.21,2101389.1272986974
14.21,2099102.2527309824
14.21,2098398.269465399
14.28,2096857.01186994
14.29,2096609.2665273002
14.3,2087627.8828323828
14.32,2087228.0893007806
14.33,2083097.895373386
14.35,2043487.3905527152
14.36,2030800.9190050147
14.37,2029839.6594803168
14.4,2026946.8333137988
14.4,2022267.6499536016
14.41,1982488.0265789714
14.42,1980892.336637723
14.58,1980439.3226846524
14.77,1980340.0107542772
14.81,1979686.6423266965
14.81,1979215.610076825
14.83,1978430.9146232952
14.98,1978420.9421151548
15.01,1978217.2552910012
15.03,1975960.207036103
15.05,1975774.96855502
15.11,1975223.4228723862
15.11,1975210.3721324403
15.13,1974257.072234207
15.2,1973752.8476850672
15.22,1973428.9906474252
15.32,1969745.1006046168
15.37,1969529.200344818
15.39,1969148.2498616867
15.39,1969076.3395619558
15.46,1968553.6976765662
15.52,1966630.5224405737
15.56,1965865.4014159911
15.57,1965658.7424467155
15.71,1965509.0015176525
15.8,1964649.8966320574
15.8,1963514.1628493527
15.8,1961970.081030412
15.9,1961611.931027129
15.94,1961063.9679974157
16.03,1960352.477995667
16.08,1959198.0240494923
16.11,1949399.226830064
16.12,1949190.9704024133
16.13,1947864.4151387627
16.15,1945851.626604534
16.18,1945217.2765993595
16.2,1945176.7495319324
16.2,1944546.8314745326
16.21,1943465.337066076
16.22,1938090.2618495373
16.23,1938075.8171844657
16.24,1936565.4588340863
16.24,1936369.6539115624
16.26,1935699.530427879
16.28,1933581.459009142
16.28,1931392.4375931292
16.91,1928055.0449221341
16.98,1927484.2507101966
17.05,1926803.7028696777
17.09,1926253.7437645707
17.15,1926182.7517998905
17.16,1912162.1796866914
17.3,1907513.100315999
17.45,1905565.5432320319
17.45,1904795.4344538364
17.5,1899202.9765689864
17.5,1898284.0895286535
17.59,1897260.1813785348
17.6,1893754.696672716
17.69,1891587.0344763014
17.74,1891425.745390515
17.84,1888144.2936934612
17.95,1887997.3566515257
17.97,1887212.2713854013
18.0,1886847.717739097
18.13,1885195.817874105
18.22,1882667.9510916856
18.48,1880756.7684096394
18.49,1875707.1077989985
18.55,1874637.4135965302
18.71,1873962.686282636
18.73,1867917.5320281878
18.79,1867788.2211865352
18.79,1867129.4997277895
18.82,1866268.973441587
18.85,1865807.2402326635
19.12,1862249.3774840527
19.58,1861302.0630255744
19.62,1860759.0502925084
19.78,1860384.1743272447
19.78,1857856.104403022
19.79,1857403.6786679851
19.87,1857352.662677076
20.21,1856888.6388573658
20.5,1856012.1862481523
20.64,1853897.2869180548
20.66,1853733.5134196375
20.67,1852944.162474126
20.74,1852134.1336562177
20.75,1850632.2341961735
20.77,1849827.0074624596
20.9,1849348.726659401
20.92,1849132.4551953583
20.92,1847201.0789289589
20.98,1847043.006001557
20.98,1846905.4723001972
21.21,1844196.5610207638
21.21,1843002.9898842985
21.35,1833817.7834129764
21.35,1833404.7387958693
21.37,1833366.8125945886
21.4,1823591.475967469
21.55,1823043.257102405
21.64,1822847.0793273137
21.64,1822811.7608940508
21.66,1822190.6847662735
21.66,1821999.5931919226
21.67,1820838.4840356102
21.72,1820717.8271677555
21.84,1820613.9342715824
21.89,1819611.903426875
22.01,1819366.805242611
22.22,1819313.3784780386
22.52,1818729.4257745484
22.73,1815060.3051244717
22.8,1814779.8855280846
22.8,1814667.784620692
22.8,1814466.4540129188
22.8,1813455.7429887413
22.8,1813035.5097765345
22.88,1812510.7478939644
22.89,1812510.3936820817
22.89,1811513.8912218136
22.89,1811243.105109421
22.98,1810744.956158647
23.03,1810654.6676147461
23.04,1810576.1387316864
23.12,1809749.221216261
23.17,1809700.809514524
23.26,1808950.8760079031
23.35,1808927.764521309
23.42,1808882.1253584637
23.42,1808825.318227815
23.49,1808678.4757345868
23.5,1808614.1669966553
23.51,1808547.1744183928
23.52,1808505.9059891328
23.53,1808484.1022835749
23.78,1808192.4640161379
23.85,1807813.7864379843
23.86,1807773.4490685896
23.87,1807537.5679420936
23.89,1807458.5828948636
23.94,1807436.4398980665
24.02,1806954.6274246192
24.02,1806566.9589535703
24.22,1805942.1962241696
24.29,1798491.6071829414
24.38,1797765.4591654104
