0.0,6332283
0.81,6233299
1.63,6028955
2.69,6016340
3.92,5919401
4.86,5813448
5.71,5769906
6.59,5464648
7.62,5437643
9.18,5369747
10.18,5305675
11.21,5245798
12.25,5062488
13.47,4973693
14.37,4945033
15.34,4918279
16.78,4800568
17.79,4773079
19.11,4755637
20.24,4668245
21.77,4632445
23.41,4572693
24.81,4542236
27.5,4476461
29.01,4459844
29.96,4449297
30.81,4374373
31.88,4332679
33.72,4328652
34.59,4300122
35.49,4228583
36.33,4175029
37.15,4147989
38.01,4113078
38.88,4073263
39.75,4011270
40.57,4008118
41.44,3979302
42.26,3957678
43.22,3952570
44.19,3936914
45.08,3898435
47.13,3892284
48.21,3884326
49.1,3862753
49.94,3810204
51.57,3794447
52.37,3777294
53.2,3764321
54.89,3753068
55.7,3752597
57.34,3747846
58.21,3706374
60.68,3689792
61.51,3649939
63.17,3606636
64.12,3591846
64.95,3536092
65.79,3534641
66.6,3513661
67.38,3511621
68.2,3475734
69.02,3473616
69.85,3469058
71.48,3439449
72.35,3439376
73.18,3426485
74.0,3410273
74.78,3395243
75.56,3298092
76.35,3279291
78.87,3269161
79.69,3225735
80.52,3220127
81.41,3215619
82.22,3213477
83.03,3192277
84.76,3168536
85.59,3166626
86.44,3134954
88.1,3093093
88.93,3084666
89.72,3047828
91.29,3039342
92.15,3017932
92.95,3005496
94.68,2991309
97.98,2979823
98.79,2958076
99.6,2945102
101.23,2918052
105.42,2912792
107.01,2904851
109.37,2899112
110.16,2892509
110.96,2820144
111.75,2811060
113.33,2802880
114.18,2796178
114.96,2790135
115.74,2773328
116.54,2766867
117.31,2766356
118.14,2746767
118.96,2737810
119.79,2726302
120.6,2660457
122.58,2652658
124.44,2647092
126.06,2641307
126.82,2636853
127.62,2634411
128.59,2584339
129.46,2568428
130.28,2547907
132.02,2547150
134.57,2539414
137.03,2520605
137.88,2493604
139.51,2464840
141.95,2460099
143.66,2438787
145.4,2436486
147.03,2420669
147.84,2420457
148.74,2377218
150.4,2371004
151.2,2363679
153.62,2357466
155.24,2356867
156.03,2346300
156.85,2346290
159.34,2345725
160.97,2342788
161.83,2334763
162.63,2327087
163.57,2320325
165.15,2304666
168.3,2295931
169.98,2273562
171.66,2267022
175.13,2260986
175.96,2252862
177.84,2243968
178.68,2243119
180.26,2230084
183.54,2227288
184.34,2224159
185.17,2219570
185.98,2218484
186.8,2217677
187.62,2205641
190.36,2186387
191.19,2154879
192.77,2152877
194.75,2144438
195.55,2130741
198.14,2130538
199.34,2118920
200.18,2116174
201.83,2110695
203.9,2107235
205.09,2102684
206.97,2101384
208.7,2091700
209.5,2087737
212.1,2087031
216.08,2084689
217.78,2082905
218.64,2082034
219.47,2071605
221.83,2062191
225.39,2062043
227.1,2056112
227.85,2053032
228.65,2052052
230.21,2045450
232.62,2038387
235.05,2037386
235.86,2035924
238.38,2035722
239.25,2029907
241.69,2025041
242.51,2021785
245.78,2020201
247.35,2010538
249.75,1990678
257.84,1988395
267.82,1982369
268.69,1981758
270.34,1967308
271.15,1966122
278.08,1964762
279.92,1964762
280.93,1958671
288.5,1952263
289.32,1951693
291.7,1944030
293.32,1943686
295.9,1938401
296.68,1937692
297.46,1935057
299.83,1923284
300.6,1917655
303.78,1917655
306.22,1914395
306.97,1912985
307.72,1889567
311.1,1888406
311.95,1888406
315.14,1882971
316.76,1877527
317.57,1871987
319.13,1871987
321.56,1856836
322.43,1856053
323.28,1856053
324.14,1847375
325.01,1846911
326.6,1842263
328.22,1823341
331.36,1823312
332.15,1815931
334.54,1806881
336.19,1794217
344.31,1794204
348.98,1792462
353.41,1790706
354.61,1789656
356.52,1788570
357.32,1784626
358.92,1783644
359.72,1779130
361.29,1777327
362.09,1758074
362.91,1751749
363.74,1749644
365.54,1749260
366.32,1737144
368.73,1737008
369.55,1730465
372.82,1729979
373.59,1728787
375.98,1728156
380.01,1716598
386.33,1711853
387.12,1711100
390.4,1710262
391.26,1710238
392.82,1705939
396.09,1689746
402.46,1684017
403.43,1683868
404.22,1680800
410.57,1666345
411.37,1664130
413.88,1663878
416.28,1661556
422.65,1647538
430.13,1643638
431.84,1639175
438.65,1639175
441.08,1637438
444.36,1634619
445.96,1601526
457.84,1592647
515.25,1591279
519.88,1585878
522.25,1556923
550.65,1555719
552.3,1553104
553.91,1552186
568.34,1551584
569.3,1549828
570.16,1541950
575.14,1538112
576.81,1531777
579.29,1531777
582.39,1522720
585.77,1517633
