0.0,6991044.968724899
0.0,6950199.3911954835
0.0,6942630.69972747
0.0,6942237.490892611
0.01,6940999.347200358
0.01,6938928.074389759
0.01,6918916.731132219
0.01,6918128.638028322
0.01,6915143.867387993
0.01,6903304.9526398005
0.01,6897799.490683521
0.01,6895931.585198416
0.01,6887405.715960476
0.01,6877320.138200856
0.02,6876468.735976937
0.02,6867405.761421551
0.02,6854042.81108443
0.02,6849807.384793748
0.02,6836016.272679866
0.02,6830908.868445183
0.02,6830594.011464269
0.02,6813541.005604214
0.02,6798770.058723395
0.03,6780775.613702448
0.03,6774492.991218805
0.03,6764812.909766857
0.03,6738991.022327516
0.03,6713958.740887051
0.03,6713373.525420739
0.03,6712054.221717228
0.03,6693521.363636601
0.03,6684518.369862541
0.03,6650822.728573657
0.03,6617387.555514791
0.04,6592234.779646213
0.04,6591065.963382081
0.04,6571975.501699134
0.04,6556630.241093614
0.04,6531605.668724897
0.04,6528554.094576803
0.04,6485306.720548505
0.04,6446716.948598959
0.05,6400933.486380053
0.05,6395512.59776882
0.05,6349498.213636436
0.05,6318855.347492652
0.05,6264489.1091328515
0.05,6204343.1637834115
0.05,5997140.487872952
0.05,5955118.108220859
0.05,5886502.095133807
0.05,5829800.388367954
0.05,5786913.10418412
0.05,5775321.15667149
0.05,5697775.25723333
0.05,5662477.379973206
0.06,5621099.601496167
0.06,5612897.075292272
0.06,5552905.306740341
0.06,5493791.4913242115
0.06,5459183.262497016
0.06,5425854.451873136
0.06,5368783.614375607
0.06,5278917.635539194
0.06,5274758.61100047
0.06,5245033.984050357
0.06,5243521.834702983
0.06,5185008.795984651
0.06,5173278.118627335
0.07,5168387.527285093
0.07,5122075.829111323
0.07,5106047.450041259
0.07,5100895.233873384
0.07,5100886.4826450385
0.07,5100174.427405251
0.07,5096358.121092664
0.07,5088542.091723602
0.07,5086378.026327256
0.07,5005181.369495766
0.07,5000505.301874118
0.07,4999315.586537119
0.07,4996861.889095396
0.08,4994180.260271337
0.08,4988850.491379986
0.08,4984810.408994373
0.08,4964373.8906029835
0.08,4960445.387536339
0.08,4954851.01033342
0.08,4940288.8029778795
0.08,4930354.297415086
0.08,4915348.154874843
0.08,4907977.6032761885
0.08,4904146.083381804
0.08,4901788.3713229215
0.08,4900944.933751418
0.09,4900023.143070787
0.09,4894363.2466014335
0.09,4874652.334940162
0.09,4870910.368177075
0.09,4870083.453095771
0.09,4860269.337633991
0.09,4822325.952151004
0.09,4760111.828885419
0.09,4757761.194608944
0.09,4749757.313084779
0.09,4737019.49264514
0.09,4733846.024390767
0.09,4721758.514111767
0.09,4719702.6938626645
0.09,4710621.401878285
0.1,4633014.145222377
0.1,4630606.509414198
0.1,4625062.494849254
0.1,4555543.2371324515
0.1,4527406.315459745
0.1,4508111.081514999
0.1,4498794.570817197
0.1,4498245.264693774
0.1,4478474.69153143
0.1,4472219.76642364
0.1,4432056.234857973
0.1,4389487.235916465
0.1,4387541.094758684
0.1,4357751.547704749
0.1,4261924.540683982
0.11,4248758.245160094
0.11,4247133.332673683
0.11,4216366.5362522965
0.11,4193682.2873477587
0.11,4190656.3335491954
0.11,4184904.663986893
0.11,4141224.2475526375
0.11,4125759.919870679
0.11,4123436.7914939853
0.11,4121877.726804909
0.11,4057656.1047648904
0.11,4001665.0711777387
0.11,3913556.584236675
0.11,3818867.7658553943
0.11,3743378.78416387
0.11,3682661.9303372568
0.11,3682509.217385984
0.12,3615913.0106680477
0.12,3498154.1648703017
0.12,3388682.4530770513
0.12,3313756.788472325
0.12,3250214.294658186
0.12,3220940.4278023876
0.12,3120735.3256833577
0.12,2990333.371529612
0.12,2871286.2126986207
0.12,2870540.0047921073
0.12,2729148.133507544
0.12,2637611.1470874646
0.12,2517463.126258351
0.12,2351238.0648797243
0.12,2334496.7690936304
0.12,2327354.2098464314
0.12,2322244.415250736
0.13,2318591.7199117425
0.13,2308493.8469178104
0.13,2305952.2958544833
0.13,2299456.0101475604
0.13,2282093.747467859
0.13,2267696.2222190276
0.13,2258590.1759458487
0.13,2157903.9549510516
0.13,2136273.107232358
0.13,2132171.8545318446
0.13,2125207.8507979885
0.13,2119115.397704651
0.13,2114820.3737252806
0.13,2024745.212822205
0.13,2023293.0623431162
0.13,2015844.8546222653
0.13,1932475.4773738005
0.14,1857381.4370721967
0.14,1686932.733491996
0.14,1612963.6361945185
0.14,1603926.9052970305
0.14,1528785.4371486318
0.14,1516233.5699614484
0.14,1467019.0904197153
0.14,1356079.5180505128
0.14,1218284.0007388168
0.14,1067440.3036922954
0.14,1063587.0356329642
0.14,1056601.5085746539
0.14,1031032.3695583405
0.14,998035.4793979852
0.14,987699.7623556745
0.14,967401.4353640393
0.14,941321.2703595225
0.14,913625.6687429376
0.15,872806.8095904721
0.15,827840.0093606487
0.15,827706.3197056623
0.15,826441.5287236203
0.15,825817.8101663318
