0.0,4660045
0.24,4475595
0.49,4451396
0.74,4297514
0.98,4239952
1.22,4016595
1.48,3982667
1.73,3940738
1.98,3875549
2.22,3810319
2.47,3808891
2.74,3708287
3.25,3644029
3.49,3570102
3.99,3475429
4.23,3461246
4.75,3366344
4.99,3328105
5.23,3320889
5.49,3278344
5.98,3233479
6.23,3195976
6.72,3152607
6.97,3141135
7.32,3082525
8.14,2992317
8.4,2964124
8.9,2941726
9.14,2899610
9.39,2874054
9.64,2866036
10.14,2865764
10.62,2860664
12.1,2836211
12.34,2824260
13.15,2802616
13.71,2767965
14.19,2746557
14.44,2734063
14.94,2731598
15.18,2709254
15.69,2700253
18.22,2694631
18.49,2618582
19.48,2607179
19.96,2592011
20.69,2583309
21.17,2565175
21.41,2558053
22.14,2553483
22.67,2532801
23.94,2513584
24.68,2495984
25.16,2466444
25.91,2458706
26.39,2429165
27.13,2405344
28.62,2313618
29.33,2284765
35.0,2276098
35.25,2264625
35.74,2260596
36.23,2256494
36.57,2244305
37.05,2233459
37.55,2227609
39.53,2222765
40.01,2210882
41.45,2203601
42.91,2199309
43.47,2188828
45.01,2177348
46.74,2170362
47.45,2166591
48.77,2158404
50.89,2156068
51.84,2149863
52.09,2148319
53.9,2148169
54.14,2104393
54.66,2104244
56.91,2088085
57.95,2088048
59.15,2080917
60.13,2070790
60.85,2039700
63.38,2036032
63.87,2021910
64.11,2016051
74.58,2012841
77.06,2009739
77.55,2008902
78.84,1998792
79.58,1991560
80.81,1983343
83.04,1976577
83.53,1973021
83.77,1971045
84.01,1965802
84.78,1960270
85.02,1955720
85.99,1936022
87.2,1931472
87.72,1920357
88.43,1905020
94.44,1904639
94.94,1895220
95.95,1868215
97.23,1868215
98.75,1855888
102.44,1851770
103.71,1809390
104.43,1809390
104.7,1804190
105.46,1801713
111.79,1787890
113.8,1781914
114.31,1779712
114.71,1779701
115.67,1777525
118.55,1770871
118.8,1769986
119.55,1754300
119.79,1748903
121.49,1734758
121.97,1723725
123.02,1717689
123.53,1716631
123.78,1712946
124.28,1709907
125.04,1709453
126.02,1707274
127.24,1706413
128.25,1705178
130.75,1701432
131.0,1682861
131.72,1679115
133.77,1676113
138.31,1672593
141.26,1649377
144.42,1645994
147.96,1644876
150.2,1634742
153.93,1634557
155.2,1620660
156.61,1620660
157.67,1617503
162.34,1616033
163.51,1616033
167.89,1606852
174.44,1604871
180.05,1597920
180.54,1597920
182.07,1596341
188.28,1592443
190.7,1585526
192.43,1579784
209.19,1579666
210.44,1579666
213.85,1577380
227.87,1577046
230.42,1575024
231.41,1575024
233.76,1571936
