0.0,6054708
0.0,6043480
0.0,5822002
0.0,5777615
0.0,5716263
0.0,5665649
0.0,5628043
0.0,5491379
0.0,5474714
0.0,5469071
0.0,5380769
0.0,5370236
0.0,5345229
0.0,5324616
0.01,5299813
0.01,5236044
0.01,5235947
0.01,5159953
0.01,5108794
0.01,5012469
0.01,4905698
0.01,4858507
0.01,4771206
0.01,4634442
0.01,4470167
0.01,4360898
0.01,4279922
0.01,4121054
0.01,4092258
0.01,3922622
0.01,3827185
0.01,3728476
0.01,3718181
0.01,3698230
0.01,3668932
0.01,3601820
0.02,3581478
0.02,3565695
0.02,3532042
0.02,3466809
0.02,3440927
0.02,3433489
0.02,3416453
0.02,3403960
0.02,3396780
0.02,3383952
0.02,3369941
0.02,3319554
0.02,3231686
0.02,3131389
0.02,3118782
0.02,2980574
0.02,2893317
0.02,2720172
0.02,2557457
0.02,2358858
0.02,2234190
0.02,2217876
0.02,2213334
0.02,2067012
0.02,1981332
0.02,1877821
0.02,1794269
0.03,1728253
0.03,1677829
0.03,1576422
0.03,1560827
0.03,1537806
0.03,1510992
0.03,1491993
0.03,1451400
0.03,1371521
0.03,1264351
0.03,1176138
0.03,1053586
0.03,1032273
0.03,1025137
0.03,1019859
0.03,1017894
0.03,1009234
0.03,993807
0.03,985976
0.03,982134
