0.0,6053943.577399783
0.0,6029883.097828511
0.0,6028069.706276801
0.0,6009972.071396288
0.0,5957543.455912732
0.0,5920397.254886155
0.0,5915681.018528506
0.0,5901051.356930838
0.0,5890323.749975713
0.01,5858912.840737527
0.01,5835559.445850846
0.01,5737088.095129121
0.01,5670017.213873817
0.01,5651555.96840654
0.01,5595916.884601969
0.02,5577391.554503783
0.02,5542729.938318863
0.02,5508766.462034631
0.02,5482476.946706886
0.02,5388940.993970966
0.02,5373540.764633281
0.02,5356249.090355068
0.02,5332760.870668309
0.02,5317656.87936023
0.02,5285766.741964305
0.02,5279495.763186032
0.03,5279210.411602883
0.03,5252989.69148181
0.03,5244033.1116694
0.03,5233468.102449585
0.03,5214382.733120718
0.03,5182324.962218812
0.03,5172307.205605174
0.03,5151627.687548879
0.03,5147466.721662792
0.03,5112266.42979748
0.03,5097695.938505004
0.03,5055488.0420463495
0.03,5036585.603528434
0.04,5024284.52025257
0.04,5005692.363970946
0.04,4970712.9029067345
0.04,4941645.006483985
0.04,4937121.90285624
0.04,4915636.162636671
0.04,4845248.926460825
0.04,4829057.811731046
0.04,4779790.421926005
0.04,4766167.640328763
0.04,4694590.10639159
0.04,4650387.534426659
0.04,4529546.938259384
0.04,4478192.572263578
0.04,4456272.453719223
0.05,4438038.190827666
0.05,4369274.661364634
0.05,4337087.604673598
0.05,4248947.6737404205
0.05,4240543.56594924
0.06,4237119.897031896
0.07,4231438.112353627
0.1,4222131.514289577
0.11,4221524.703078618
0.11,4217949.143357286
0.11,4214914.49798818
0.12,4164768.363898752
0.12,4129933.0131901326
0.12,4117063.222990708
0.12,4094923.9497731435
0.13,4094566.4395027906
0.13,4089240.62706719
0.13,4078342.1722346693
0.13,4076218.1823167647
0.14,4066532.383392438
0.16,4063848.906844117
0.17,4041181.5133291646
0.18,4011650.839971005
0.18,4004890.6753534107
0.19,3973585.5883184774
0.19,3963579.2313030963
0.19,3961555.744292857
0.2,3957727.1026512627
0.2,3951943.885331306
0.2,3940737.4043458747
0.2,3894382.75571142
0.2,3886392.149946062
0.2,3886380.286035836
0.2,3879789.026209584
0.2,3878032.8442621953
0.2,3852437.0779036004
0.21,3851251.1185901137
0.21,3814742.9492977867
0.21,3809609.8019477534
0.21,3798841.2667474085
0.21,3774725.0272426945
0.22,3762268.5480665755
0.22,3757344.8974340092
0.22,3742729.725852692
0.23,3734775.1311741685
0.23,3683708.613119553
0.24,3683494.821790161
0.24,3655211.900064234
0.24,3636806.461625203
0.24,3634229.8990597394
0.24,3633956.0943376184
0.24,3591917.720625402
0.25,3587992.3202869357
0.25,3584490.4054604326
0.25,3575930.442276204
0.26,3548840.7215578356
0.26,3519755.4682832942
0.26,3504377.106254803
0.26,3502744.2119688364
0.26,3475794.4913719045
0.26,3463493.590096272
0.26,3454339.0113171535
0.26,3432025.186801066
0.26,3422921.8071831334
0.26,3422466.5838013813
0.27,3408856.994323088
0.27,3405609.987945273
0.28,3405081.9130069534
0.28,3399541.5694473987
0.28,3380070.3375470294
0.28,3378951.2254172084
0.3,3376939.676509745
0.3,3373659.618234272
0.31,3365038.4337957394
0.32,3356417.48529499
0.32,3354445.0181401116
0.32,3342365.136468754
0.33,3340844.3619113555
0.33,3335052.1833661282
0.33,3332574.1770827775
0.33,3321930.416112277
0.34,3320578.940971316
0.34,3320216.281905819
0.34,3300532.8294749255
0.34,3277380.6482742615
0.34,3270828.2984942254
0.35,3268050.8483056836
0.35,3266784.282929747
0.36,3265708.029866237
0.36,3264507.7323032487
0.36,3263595.8027668647
0.38,3257819.121817432
0.39,3234056.222032308
0.4,3224264.4728949727
0.41,3219403.322163619
0.42,3217974.025260485
0.43,3215107.5582764824
0.43,3211733.4321094668
0.43,3207892.4623355176
0.43,3203679.9133860585
0.43,3199803.4984517214
0.43,3172713.4110604725
0.44,3162994.9826359716
0.44,3161714.182696113
0.44,3149561.347722263
0.44,3137197.212023254
0.44,3117263.0850281296
0.44,3115695.1082552243
0.44,3111289.966693718
0.45,3110252.309537279
0.46,3090012.7314074407
0.46,3089320.306629384
0.46,3082454.9020179706
0.47,3072017.0165591524
0.47,3043006.95751242
0.49,3030449.6936860713
0.49,3022396.042362547
0.49,3017870.3011680893
0.49,3016030.694765343
0.5,3015965.392317109
0.5,2990119.6715552015
0.51,2988604.1394367004
0.52,2980937.6717970236
0.52,2961443.764427831
0.55,2950369.7171754357
0.56,2948293.358342527
0.56,2942061.013076915
0.57,2938797.032406294
0.58,2903178.7876414917
0.58,2882239.3947676136
0.58,2880629.3567700703
0.58,2876318.619006865
0.58,2874089.4767457373
0.59,2862769.700683202
0.59,2862153.211218435
0.59,2859316.959029874
0.59,2858402.122246905
0.6,2845402.3722663336
0.62,2842700.148827126
0.63,2841711.937252723
0.63,2831344.7376608653
0.63,2826156.846962061
0.63,2824772.3563001244
0.63,2822612.981339698
0.64,2794442.9480501343
0.64,2792647.9592243927
0.64,2790479.9413783457
0.65,2775944.0329413214
0.65,2744292.7470381367
0.65,2742762.4254801213
0.65,2722569.099302004
0.66,2722286.9109848724
0.66,2719893.5606861543
0.66,2713222.4466123856
0.66,2707660.534136763
0.66,2685461.9846121357
0.67,2667162.6416172306
0.67,2666429.797301081
0.67,2663453.792268817
0.68,2659618.2532551
0.68,2657736.9326826986
0.68,2656833.9496471006
0.72,2651204.448977949
0.72,2632572.2998840814
0.72,2631715.7658298137
0.74,2602416.82694159
0.74,2599927.5017447607
0.74,2564509.7410983033
0.74,2562923.7378940796
0.75,2530771.910255579
0.76,2508353.776185939
0.76,2499487.7918398827
0.76,2485454.5367611237
0.76,2449640.100674057
0.77,2434808.12355306
0.8,2432188.773897512
0.81,2416850.267792172
0.81,2413317.871290065
0.82,2397733.860945323
0.82,2367892.8070036843
0.82,2367431.840191984
0.82,2358110.1345373276
0.84,2355470.1405794164
0.84,2354140.076868576
0.85,2352051.110350436
0.85,2337704.867825114
0.85,2306863.2828017035
0.85,2304099.1748546595
0.85,2298222.514384993
0.87,2272708.9578207433
0.87,2256476.8006318896
0.87,2252008.1872365433
0.88,2250415.7809165143
0.88,2245611.4259571116
0.89,2238404.875910266
0.93,2229664.6886293245
0.93,2223972.626685617
0.94,2217897.583818561
1.0,2216228.3883413137
1.0,2215723.808918725
1.0,2214520.0914120576
1.01,2214212.896858086
1.01,2206432.8802983523
1.01,2204418.6892677285
1.02,2193369.608413621
1.03,2192552.847552324
1.03,2187419.8662445
1.04,2183436.7620779504
1.04,2180601.6163685876
1.04,2179933.3083000206
1.04,2176731.0843449975
1.04,2162547.9340209137
1.05,2142501.239715707
1.05,2135015.733458082
1.06,2134857.9682307877
1.06,2091483.871260567
1.06,2090723.3684863509
1.06,2085753.8739457116
1.07,2062773.2624488566
1.07,2022825.0251098927
1.07,2022570.6428006557
1.08,2019970.199966616
1.08,2004355.6368697179
1.08,1998447.3215979026
1.09,1995117.8716440639
1.11,1986378.9206702893
1.11,1985725.968537152
1.12,1982135.8181591853
1.14,1981851.5695927765
1.19,1980879.3030199243
1.23,1970842.2802505328
1.23,1967136.3361829538
1.26,1966811.2124198426
1.27,1966686.241143387
1.27,1962345.8547146302
1.28,1954467.6592790652
1.28,1949060.1958476175
1.28,1943049.3607879363
1.29,1935726.1989307064
1.29,1932297.76582849
1.3,1930641.155239278
1.31,1926487.8442250749
1.32,1922570.518752815
1.32,1917650.1145049396
1.34,1915699.9668332506
1.35,1891059.812951409
1.35,1888703.4471582389
1.4,1884990.3949342554
1.4,1882713.4878249897
1.45,1875292.9176638112
1.49,1871928.3882449511
1.5,1861807.5341724684
1.55,1860179.5823445164
1.56,1853951.4367548886
1.6,1841690.92575935
1.6,1839650.5824343697
1.7,1833966.0626268233
1.71,1830207.4480993676
1.71,1819633.4650526973
1.71,1815706.13282177
1.72,1814472.0366210078
1.79,1814464.4790459226
1.81,1808888.0342754305
1.81,1806707.3220827668
