0.0,9857591.671501676
0.0,9788677.646786466
0.0,9700102.642829409
0.0,9634022.776849877
0.0,9585097.848526733
0.0,9581858.215303665
0.01,9456819.17456642
0.01,9436811.546455035
0.01,9229986.086590325
0.01,9213959.76309173
0.01,9206666.504062876
0.01,9095540.8261769
0.01,9048136.937704772
0.01,8804534.177665502
0.01,8763426.293997452
0.01,8659090.474223508
0.01,8412893.841586402
0.01,8393144.083972238
0.01,8195972.326041377
0.01,8109739.670766625
0.01,7952462.393122611
0.01,7909517.536971099
0.02,7815903.247479686
0.02,7792558.132231909
0.02,7659243.417244512
0.02,7630556.103293687
0.02,7534503.038188109
0.02,7472288.8728254195
0.02,7466772.811546937
0.02,7167004.93814778
0.02,7131762.59155185
0.02,7088681.917984112
0.02,7055191.957013138
0.02,6896768.822950446
0.02,6889491.58072038
0.02,6797881.701008663
0.02,6793132.951347786
0.02,6471813.571106146
0.02,6364432.992332402
0.02,6330536.456813785
0.02,6106810.926889213
0.02,6025994.274334637
0.02,5946312.349635476
0.02,5806482.500756178
0.02,5772195.335466627
0.02,5685820.568235025
0.02,5598909.914233276
0.02,5573198.580387573
0.02,5384032.423270774
0.02,5332294.448334042
0.02,5302696.466630808
0.02,5250644.396599823
0.03,5154686.317471827
0.03,5034020.500710135
0.03,4944847.795645341
0.03,4936715.935247675
0.03,4924722.189452952
0.03,4888321.941253312
0.03,4858753.930817711
0.03,4749895.00343479
0.03,4605643.3073319
0.03,4519143.675684008
0.03,4430430.092171759
0.03,4310127.977052127
0.03,4152695.310884882
0.03,3841033.198511354
0.03,3700656.091866213
0.03,3541014.7788562356
0.03,3171050.390356186
0.03,3150393.837606307
0.03,3138770.239192119
0.03,2880363.4394302815
0.03,2698011.284086181
0.03,2472969.7477639667
0.03,2362940.993532399
0.03,2319646.2698042165
0.03,2204683.8068501204
0.03,2035583.1224410562
0.03,1890307.5467509096
0.03,1867303.0391853203
0.03,1783933.0257222333
0.03,1697934.868837026
0.03,1670648.537251251
0.03,1664812.254588662
0.03,1549329.621212426
0.04,1511240.7820590353
0.04,1371943.3877490293
0.05,1342991.343661513
0.05,1342386.7887599065
