0.0,8038531.616050006
0.53,7917280.689970435
0.79,7714895.539953738
1.06,7465909.852154651
1.32,7171000.8021194795
1.59,7031982.213233149
1.85,6941668.557164058
2.12,6814385.399326872
2.39,6773516.057582565
2.65,6670276.862941545
2.92,6496754.544875688
3.19,6481588.606179992
3.49,6395878.121962853
3.76,6160553.942910028
4.03,6119267.874458231
4.3,6089593.611595944
4.57,5997690.410653921
4.83,5873060.598257875
5.36,5828638.184766823
5.62,5698497.711556769
6.17,5525780.108390585
6.43,5524382.129697332
6.7,5457937.938382812
7.51,5447108.112560237
7.78,5401127.729658539
8.04,5398315.381094648
8.33,5346164.513798874
8.63,5244625.775939692
9.22,5135881.8058657665
9.76,5126391.2128267335
10.03,5065909.363804763
10.57,5037927.892612072
10.86,5014189.823542001
11.17,4953183.68789082
12.02,4899595.652521968
12.55,4849550.765554665
12.82,4795451.976704407
13.93,4698743.915570966
14.56,4686458.843177518
15.53,4629373.500990149
15.79,4556727.623597988
16.06,4555019.871326876
16.32,4460489.651268721
16.59,4417616.046996158
17.17,4347928.151246867
17.45,4276295.475654183
17.72,4209742.028823995
18.83,4182505.9546041205
19.1,4168220.369851846
19.37,4076449.063627818
19.9,4062184.618963884
20.16,4044605.4928226154
20.43,3974227.2395925997
20.99,3932149.2236547186
21.3,3883969.7056843988
21.57,3849998.138779896
23.18,3811106.9061942836
23.5,3808954.710369857
23.78,3791524.5690534287
24.1,3778559.48527951
24.89,3661604.827442287
25.16,3622829.040089453
25.42,3537879.243968917
27.03,3468586.2854040554
28.48,3466058.4548649443
29.01,3460931.617828578
29.81,3460197.3635094743
30.88,3451801.672727093
31.95,3402670.994321877
32.22,3395248.784985377
32.79,3334337.581704241
33.95,3330562.223606911
34.21,3317067.219129034
36.32,3310562.0570900156
37.39,3306362.5307021225
37.66,3294763.422648394
39.71,3291125.9475375563
40.55,3290226.519531293
41.37,3260827.811716132
41.66,3193605.685983096
48.0,3180790.1856376007
51.66,3164749.1140797446
52.22,3156793.7721569766
54.35,3115465.968647247
56.5,3115101.7145472066
58.93,3115101.714547206
60.28,3104983.1222239845
63.86,3104983.122223984
72.63,3100844.180362629
75.94,3098612.6266777376
76.22,3097650.5981993126
76.55,3083134.9100997574
83.06,3082603.2698163134
83.68,3081822.4779611183
88.19,3052604.106209726
89.33,3052604.1062097256
92.11,3049650.6013980447
92.66,3020257.9831794095
96.82,3020013.7270215885
97.64,3008604.702826552
104.57,2980236.65623967
108.38,2974075.5190617843
109.8,2968189.4454953605
115.24,2951627.5857891478
117.55,2902999.354300986
118.49,2825799.112259005
120.32,2822506.290682148
120.61,2803822.3329696665
126.45,2792161.355524997
128.37,2790150.6024585096
129.48,2769114.722017276
131.93,2760185.07382703
133.01,2755575.797761729
133.59,2746100.5464186138
135.06,2736808.2780501815
137.8,2727827.864473027
140.07,2725966.8269210784
142.76,2717030.7600302333
143.83,2706061.248458394
145.14,2703457.004793844
145.7,2700744.0524524143
146.81,2698073.5254188143
147.85,2680178.6309139626
148.96,2668161.2149450947
149.85,2642650.5889948574
151.48,2639143.7257251544
159.49,2633099.567800183
163.1,2632586.1728272475
168.81,2532869.6675068294
169.38,2527411.2626470737
170.49,2527221.5823283177
171.33,2524693.910468752
175.69,2503743.861834158
178.97,2498833.847436473
183.1,2495880.8454201375
185.23,2487145.0766563457
188.53,2464851.342380554
197.66,2463524.389866309
205.52,2463030.987158503
218.31,2450357.283064069
224.62,2449298.4860680453
225.17,2430885.130703502
242.68,2429971.3454319853
245.37,2419417.5024762023
258.12,2419074.0789649393
262.89,2410085.150705019
268.76,2389216.184164824
269.59,2383290.067503365
278.88,2383211.4160657446
301.75,2343041.407920553
306.35,2342509.767637109
322.66,2340904.1023640144
330.03,2332167.030375906
348.6,2331480.9681762354
349.83,2308747.720646332
361.89,2294215.116177928
363.57,2283094.1650243415
380.32,2282744.9222432473
382.49,2282036.4237836725
388.2,2275293.3290134394
395.02,2264426.694072721
396.95,2263386.020542823
399.53,2251992.6908415975
402.84,2251538.970960493
410.68,2250702.1881850134
413.09,2231617.91475303
413.39,2231222.0351792946
413.67,2220757.9228273714
414.24,2216579.199531139
415.39,2216183.3199574035
427.65,2205259.0444357824
429.27,2201499.265186886
437.79,2197134.8518354124
438.96,2192114.677243505
461.01,2191572.978009784
486.94,2184120.928854228
488.04,2173469.790297658
490.33,2171536.6866868204
491.44,2125469.88384418
501.95,2118413.1721176784
516.98,2117091.655221841
528.93,2116724.4748189826
552.66,2116413.6314076553
553.51,2113355.2720757844
557.29,2107981.171035996
579.55,2105420.325082664
582.56,2100145.489666424
584.57,2099707.499917388
