0.0,9854597
0.0,9847286
0.0,9688460
0.0,9680319
0.01,9679729
0.02,9679539
0.02,9678732
0.02,9662004
0.02,9634716
0.02,9624003
0.02,9599103
0.02,9509762
0.02,9404699
0.02,9382882
0.02,9352810
0.03,9352733
0.03,9322029
0.03,9306443
0.03,9300249
0.03,9266430
0.04,9223996
0.04,9212579
0.05,9188144
0.05,9177450
0.05,9176125
0.05,9169615
0.05,9138494
0.05,9132378
0.05,9116432
0.05,9110634
0.05,9068271
0.05,9020938
0.05,9018748
0.05,9017528
0.06,9001720
0.06,8995146
0.06,8977707
0.06,8975337
0.06,8853271
0.06,8852742
0.07,8827644
0.07,8814590
0.07,8813550
0.07,8781777
0.07,8776752
0.07,8749064
0.07,8699324
0.07,8629268
0.07,8492003
0.08,8335386
0.08,8300026
0.08,8290032
0.08,8289918
0.08,8118731
0.08,8008280
0.09,8004071
0.09,7974576
0.09,7951396
0.09,7926080
0.09,7908446
0.09,7886141
0.09,7779802
0.09,7763849
0.1,7728470
0.1,7727571
0.1,7725148
0.1,7691542
0.1,7615553
0.1,7594580
0.11,7555690
0.11,7511424
0.11,7510754
0.11,7507956
0.11,7506030
0.11,7505846
0.12,7505818
0.12,7498497
0.12,7489399
0.12,7474864
0.12,7467547
0.12,7455383
0.12,7414949
0.12,7377971
0.12,7347050
0.12,7318317
0.12,7317647
0.12,7307524
0.12,7249121
0.12,7247377
0.13,7246814
0.13,7220596
0.13,7001227
0.13,6994621
0.13,6994572
0.13,6913160
0.13,6905417
0.14,6887026
0.14,6880486
0.14,6877810
0.14,6874338
0.14,6866833
0.14,6796968
0.14,6796892
0.14,6796847
0.15,6796316
0.15,6777264
0.15,6739206
0.15,6726964
0.15,6667954
0.16,6660539
0.16,6659303
0.16,6645668
0.16,6644082
0.16,6642209
0.16,6639002
0.16,6637262
0.17,6635059
0.17,6614408
0.17,6467251
0.17,6434698
0.18,6431272
0.18,6403350
0.18,6385886
0.18,6337885
0.18,6336846
0.18,6335364
0.18,6335077
0.18,6335028
0.19,6331462
0.19,6244643
0.19,6241995
0.19,6239449
0.19,6201053
0.19,6158110
0.2,6150071
0.2,6147480
0.2,6146560
0.2,6133615
0.2,6117779
0.22,6058584
0.22,6048104
0.22,6013439
0.22,5988532
0.23,5978745
0.23,5977452
0.23,5974771
0.23,5970796
0.23,5966180
0.23,5959842
0.23,5954784
0.23,5953945
0.24,5919683
0.24,5800093
0.24,5775307
0.24,5775068
0.26,5767245
0.26,5760584
0.26,5760127
0.26,5732584
0.26,5724206
0.26,5707573
0.26,5674805
0.27,5667159
0.27,5647642
0.27,5647354
0.28,5641345
0.28,5637328
0.28,5564438
0.29,5549777
0.29,5538748
0.29,5538601
0.3,5537138
0.3,5464535
0.3,5373753
0.32,5373167
0.32,5368767
0.32,5366094
0.33,5363947
0.33,5353946
0.33,5327842
0.33,5315209
0.33,5296972
0.34,5292529
0.34,5283326
0.34,5264830
0.35,5252864
0.35,5244794
0.35,5244257
0.35,5206741
0.36,5203082
0.36,5198337
0.36,5191814
0.36,5187156
0.36,5186077
0.36,5183140
0.36,5142489
0.36,5131844
0.37,5027920
0.37,5012219
0.37,4927903
0.37,4909952
0.38,4895958
0.38,4857473
0.38,4840498
0.38,4827165
0.39,4817051
0.39,4806485
0.39,4707886
0.39,4628247
0.39,4610821
0.39,4610678
0.39,4610593
0.39,4600816
0.4,4576575
0.41,4524812
0.41,4465654
0.41,4456821
0.41,4455257
0.41,4448422
0.42,4387591
0.42,4387462
0.42,4387420
0.42,4380099
0.42,4374361
0.42,4334714
0.45,4333760
0.46,4321061
0.47,4299793
0.47,4282932
0.47,4282443
0.48,4279316
0.48,4269677
0.49,4219031
0.49,4184308
0.49,4181680
0.55,4158202
0.55,4152423
0.55,4126471
0.55,4124925
0.57,4103939
0.58,4095538
0.59,4081017
0.59,4040224
0.6,4007661
0.6,4005262
0.61,4003395
0.61,3998364
0.63,3998033
0.63,3926450
0.63,3923021
0.63,3922253
0.64,3905957
0.65,3900280
0.65,3883983
0.65,3880508
0.65,3876114
0.66,3872604
0.66,3836912
0.66,3836678
0.66,3836355
0.66,3836088
0.66,3827745
0.66,3821453
0.71,3808834
0.71,3801111
0.71,3797892
0.72,3797201
0.72,3796181
0.72,3794247
0.72,3793505
0.73,3792696
0.73,3792670
0.73,3792295
0.75,3792295
0.75,3791722
0.75,3791002
0.75,3785720
0.75,3781229
0.77,3779437
0.79,3777914
0.8,3776034
0.8,3776033
0.82,3775363
0.84,3773767
0.84,3773624
0.86,3772348
0.87,3764445
0.87,3748411
0.87,3744145
0.88,3727559
0.9,3726645
0.9,3723010
0.99,3715588
1.0,3688787
1.0,3681870
1.14,3680979
1.15,3675041
1.15,3674582
1.16,3673333
1.16,3672454
1.16,3638700
1.17,3630923
1.17,3625623
1.18,3618267
1.18,3618151
1.2,3601436
1.2,3600750
1.21,3591849
1.21,3590011
1.21,3558022
1.21,3558011
1.22,3544293
1.22,3541850
1.23,3536137
1.23,3531287
1.25,3531260
1.26,3530771
1.26,3512240
1.28,3504796
1.28,3500524
1.29,3498703
1.3,3468571
1.3,3454365
1.3,3427485
1.31,3417958
1.31,3399266
1.32,3392768
1.32,3391587
1.32,3379030
1.32,3361786
1.32,3321272
1.32,3312834
1.32,3253586
1.33,3223088
1.33,3183614
1.34,3167857
1.34,3123449
1.34,3118270
1.35,3110901
1.36,3110874
1.38,3110562
1.38,3110405
1.39,3108332
1.39,3107982
1.4,3090524
1.4,3072929
1.4,3071302
1.4,3070878
1.4,3061255
1.4,2890706
1.41,2833095
1.44,2832464
1.45,2819890
1.49,2813953
1.5,2778788
1.5,2709677
1.58,2704510
1.58,2694695
1.58,2694067
1.59,2683739
1.6,2670836
1.62,2668462
1.62,2664768
1.62,2664754
1.62,2662299
1.62,2660029
1.62,2659034
1.62,2658744
1.63,2658572
1.67,2658442
1.73,2629752
1.75,2609647
1.76,2579547
1.78,2563258
1.78,2536442
1.8,2521628
1.8,2520557
1.81,2518268
1.82,2517973
1.82,2512823
1.82,2510402
1.82,2502074
1.82,2491934
1.82,2490235
1.84,2465595
1.84,2462337
1.85,2457679
1.85,2456639
1.85,2447835
1.87,2401626
1.87,2400020
1.93,2398994
1.93,2396627
1.93,2392585
1.93,2391824
1.93,2387131
1.97,2381042
2.02,2380073
2.02,2370796
2.02,2333519
2.04,2332914
2.05,2328955
2.07,2328148
2.13,2317589
2.18,2316008
2.22,2309008
2.23,2295631
2.23,2294259
2.28,2292583
2.28,2291899
2.28,2291575
2.3,2291567
2.32,2289452
2.32,2286018
2.33,2273742
2.34,2267898
2.38,2225115
2.38,2190659
2.39,2181675
2.4,2173057
2.43,2157774
2.44,2155755
2.44,2143858
2.47,2075239
2.47,2059300
2.52,2058966
2.53,2058853
2.54,2058079
2.54,2057764
2.59,2054616
2.59,2042696
2.59,2042282
2.6,2041669
2.6,2038878
2.6,2038537
2.61,2037367
2.61,2036134
2.61,2009473
2.69,2009331
2.86,1995072
2.87,1990605
2.87,1982408
2.88,1981289
2.91,1980514
2.91,1972131
2.92,1969628
2.94,1964883
2.96,1963546
3.07,1949144
3.1,1944967
3.13,1861285
3.15,1855272
3.17,1849610
3.21,1848798
3.24,1847033
3.24,1837308
3.25,1831137
3.26,1830599
3.28,1794049
3.28,1787739
3.34,1778755
3.36,1777068
3.41,1776278
3.42,1773193
3.42,1772776
3.44,1771966
3.44,1771917
3.44,1771114
3.44,1770824
3.46,1769998
3.47,1745083
3.47,1739501
3.47,1737427
3.69,1726084
3.7,1696168
3.7,1682759
3.74,1682156
3.75,1681305
3.77,1676323
3.77,1659750
3.83,1657853
3.84,1657100
3.84,1651815
3.86,1651639
3.99,1632096
4.0,1618718
4.05,1569686
4.09,1544586
4.18,1534918
4.2,1533091
4.2,1521019
4.28,1520432
4.3,1520293
4.33,1520293
4.58,1519061
4.63,1518582
4.65,1516918
4.74,1510447
4.75,1504102
5.04,1468567
5.21,1466522
5.22,1466471
5.22,1462438
5.27,1455519
5.27,1455410
5.27,1453999
5.33,1450568
5.33,1434644
5.34,1419701
5.34,1415291
5.59,1414992
5.63,1414020
5.65,1412324
5.75,1410078
5.76,1398605
5.77,1398051
5.81,1378695
6.04,1376321
6.06,1375594
6.16,1375212
6.64,1374387
6.67,1371583
7.27,1344686
7.38,1339618
7.45,1330059
7.48,1323587
7.49,1322951
7.52,1322951
7.54,1321699
8.25,1307566
8.6,1307267
8.65,1307267
