0.0,586941.3442651752
0.26,585748.6273852073
0.51,576738.1996350406
0.77,565288.8049095444
1.05,557388.022001351
1.31,555207.0087734992
1.58,539537.2038056774
1.83,532605.3095073855
2.1,524632.4768491804
2.35,521328.8013086796
2.61,511802.54734118853
2.9,503972.83753703465
3.42,488631.6681618463
3.68,481934.4743696722
3.94,479585.2312698666
4.19,472109.74164518405
4.45,460539.79569743935
4.72,449789.38493856334
4.97,446395.22982434655
5.23,440569.2757102046
5.48,430900.51402831665
5.73,430206.7375250399
6.0,418661.4526548185
6.25,416600.2043682413
6.51,410636.2735670185
7.05,405851.4521464062
7.29,405644.3891421114
7.55,401027.59556643653
7.81,398740.85111088195
8.09,394215.2562696504
8.84,390505.0363383871
9.1,387573.6687837089
9.36,385710.06154175964
9.62,385509.3956574325
9.88,379702.7249889349
10.38,378410.06407095736
10.66,371336.22434131516
11.16,367542.1158892355
11.68,365748.91074117203
11.94,356574.47667893395
12.19,352165.1623518203
12.44,349289.7256195174
13.0,345257.722043787
13.28,343273.7075343935
13.58,343247.48832191847
14.11,341512.0048031088
14.65,338827.2619655261
15.18,333107.2030517605
15.45,326104.69595896266
15.98,317919.5741226594
16.76,315939.8514363633
17.02,312210.5531121884
17.27,308023.0763782147
17.8,306968.8540873015
18.11,301130.25418651674
18.37,297913.86623487546
18.91,296739.4770692921
19.43,296158.3248895332
19.69,295928.9258680618
19.95,294499.07585301175
20.21,293333.2797221109
20.73,292796.1262310197
21.25,290824.6861255246
21.77,289661.66629910585
22.04,289504.82096809737
22.57,289069.3939012038
22.85,288944.7690035162
23.42,287425.57990206085
23.69,281997.2414188332
24.47,280547.09361814475
24.74,277930.34260028
25.26,277626.9397932172
26.27,276636.15168307384
26.78,276335.413282663
27.29,274968.62204123795
27.82,273812.1747583458
28.11,272698.87070099724
28.39,272641.72574730177
29.97,271658.9749830483
30.24,271658.9749830482
31.04,271087.8654004172
31.3,270411.26742555207
31.56,268803.691613168
31.82,266753.48626235995
32.33,263745.17312906473
32.89,263745.1731290647
33.42,262458.4646158877
33.67,257290.33651352092
34.46,255748.08575460128
35.49,255748.08575460126
35.75,255745.30940299772
36.01,254187.67439352686
36.27,253313.5852997013
37.08,253313.58529970128
37.59,252701.38084332817
38.14,252339.66973395165
38.65,251713.14078082002
42.28,251713.14078081996
42.82,246593.35567676838
43.69,246367.5394926642
45.02,246165.1056231693
45.83,245930.04477834044
46.09,245930.0447783404
47.37,245569.84418136074
47.62,245450.07662895226
47.92,245323.17992814383
48.18,244291.15194975949
48.96,244291.15194975946
49.24,242853.21918512371
49.53,242780.1218690494
49.81,242780.12186904938
50.36,240701.53449577375
51.42,239923.3822027004
51.92,238840.11018968667
52.18,238034.53075522342
52.44,235658.52388155708
54.02,235269.7374983989
55.31,232817.0457066971
58.27,231232.5340338307
59.6,228973.25381619518
61.15,228832.85430845313
63.29,228664.2752254197
67.22,228511.11596880318
67.71,226709.762627989
68.52,225841.05760926797
69.81,225407.81645430444
70.33,224656.91594616277
70.86,224331.52183536388
71.11,222843.4952191224
71.87,222600.79817947934
72.13,222414.53054252555
72.39,221017.90253683936
72.64,220844.8612204698
73.48,218266.88483478563
74.25,216799.73549768716
96.24,216459.92721194786
97.57,216143.0917695213
102.51,216032.95713743393
103.31,214558.8490298615
104.07,213224.68246244983
105.16,213224.68246244977
106.44,211960.7893880912
107.2,211873.54496426584
111.02,211705.72312430976
112.06,210369.28902582437
113.33,210369.2890258243
113.58,209808.78008613086
113.84,208511.28195395257
114.35,208357.85201183832
115.12,207683.32113494189
117.96,207164.49477107532
120.25,206202.99498246927
121.0,205186.5204728951
124.94,205186.52047289506
125.19,202353.10883655332
125.44,202353.1088365533
125.69,202097.26678591516
126.46,201246.83228414427
128.82,200653.95678753397
131.17,200367.33146260807
131.43,200334.96171449535
131.68,199439.78529124282
132.45,199409.69010923477
133.99,198640.307911221
134.52,198081.36798160686
134.8,197252.74152528984
136.65,196329.1619137488
137.18,194557.67240363837
137.99,193684.43729380472
138.26,193226.70750584023
138.54,193226.7075058402
144.26,192952.2009421528
145.02,192043.15657812924
148.45,192043.15657812922
153.95,191734.02659392034
160.76,190800.08329993745
162.57,190319.60689966776
163.12,189497.25828009195
164.65,189497.2582800919
166.22,188312.6758591223
174.68,188168.12675267307
178.57,187480.95397546695
179.83,187479.13287120473
180.83,187479.1328712047
182.15,187111.6073484791
184.3,186645.62412860512
190.41,184429.0771698862
191.2,184146.85670360527
191.46,184146.85670360524
191.71,184067.65995367744
191.97,183808.14932415404
193.58,183808.14932415402
194.35,183337.29579165776
194.87,182929.11780527534
195.9,182633.7258808811
196.16,182348.07159276787
197.45,181983.02112301285
198.62,181508.45991404596
199.41,181328.58664338815
202.43,180622.1491658027
204.62,180136.1679796735
206.66,178940.57862125375
207.17,178878.59388348367
207.98,178762.7956357362
216.05,178257.67756673374
231.02,175884.52831605024
249.65,175724.6042807196
259.47,175537.75385499612
261.28,174977.37368070506
262.04,174622.29887865574
263.42,173923.9663846078
269.3,173801.4570938299
269.81,173438.8691961916
270.06,173438.86919619158
270.86,172889.13199234844
271.37,172889.1319923484
271.88,171986.04380980338
272.94,171630.096024417
274.73,170997.52491479437
274.98,168138.75789311304
278.52,167628.4432172357
278.78,167199.04344316066
279.31,166935.6827454337
280.35,166673.51095579416
280.88,165722.7814807299
281.91,165722.78148072987
291.41,163227.73074377413
296.21,163138.39930596392
316.36,163018.29587885647
327.48,162996.01830494963
327.73,162555.75403185116
343.44,162553.59732391528
344.23,162142.5459510386
347.11,162031.83742117492
348.68,161803.4866537921
349.18,161803.48665379206
350.96,161562.83184001633
351.73,161540.55426610948
353.56,161540.55426610945
356.13,161139.7548900102
374.93,160427.19187394818
386.37,160210.3283940755
