0.0,680484
0.0,679330
0.0,664383
0.0,641521
0.0,628968
0.0,622733
0.0,616280
0.0,607687
0.0,606638
0.0,600515
0.0,598392
0.0,590123
0.01,589035
0.01,576872
0.01,572983
0.01,567535
0.01,566006
0.01,557506
0.01,556583
0.01,556392
0.01,556386
0.01,555638
0.01,550790
0.01,550101
0.01,548124
0.01,540779
0.01,540226
0.01,538098
0.01,537968
0.01,527912
0.01,517898
0.01,514148
0.01,496297
0.01,490593
0.02,483740
0.02,480945
0.02,476751
0.02,471537
0.02,456632
0.02,449523
0.02,436080
0.02,426722
0.02,420257
0.02,419470
0.02,413690
0.02,405663
0.02,397394
0.02,383857
0.02,371990
0.02,368711
0.02,362020
0.02,361972
0.02,354670
0.02,351199
0.02,347888
0.02,343456
0.02,336267
0.02,334627
0.03,330703
0.03,324033
0.03,319840
0.03,316651
0.03,316299
0.03,314322
0.03,309233
0.03,308862
0.03,308089
0.03,300350
0.03,295943
0.03,293960
0.03,291091
0.03,273944
0.03,267641
0.03,266719
0.03,220459
0.03,219965
0.03,208198
0.03,207267
0.03,198392
0.03,189648
0.03,175860
0.03,159205
