0.0,693752
0.0,692735
0.0,689032
0.0,685006
0.0,683888
0.0,679969
0.0,678727
0.0,670678
0.0,670366
0.0,667520
0.0,664676
0.01,659994
0.01,652319
0.01,650446
0.01,647538
0.01,644980
0.01,644477
0.02,643248
0.02,642606
0.02,641453
0.02,639456
0.02,637653
0.02,635436
0.02,634762
0.03,631740
0.03,630492
0.04,630115
0.04,624586
0.04,623971
0.04,621229
0.04,617826
0.04,615587
0.04,613161
0.04,613004
0.04,611383
0.04,606194
0.04,604315
0.04,599943
0.04,597855
0.04,597468
0.05,594959
0.06,594671
0.06,593785
0.07,593297
0.07,593109
0.07,591528
0.07,591346
0.07,588629
0.07,586684
0.08,586481
0.08,584468
0.08,582172
0.08,581051
0.09,579615
0.09,577069
0.09,572458
0.09,572328
0.09,570673
0.09,570247
0.09,567710
0.09,562969
0.09,557810
0.09,557737
0.09,556679
0.09,555283
0.09,552843
0.09,551539
0.1,547481
0.1,542577
0.1,542067
0.1,540736
0.1,539732
0.11,531647
0.11,529189
0.12,525876
0.12,524772
0.12,522605
0.12,522042
0.13,515629
0.13,515389
0.14,514207
0.14,514121
0.14,513966
0.14,511341
0.14,510203
0.15,509715
0.15,509331
0.15,506200
0.15,505539
0.15,504759
0.15,504490
0.15,502701
0.15,501885
0.16,498186
0.16,496814
0.16,496777
0.16,494838
0.16,493619
0.16,493613
0.16,492961
0.16,489917
0.16,489377
0.16,487084
0.17,485550
0.17,485051
0.17,484413
0.17,482373
0.18,477970
0.18,472253
0.18,471039
0.18,467541
0.19,465418
0.19,460873
0.19,457862
0.19,457467
0.19,457246
0.19,455227
0.19,454606
0.2,452935
0.2,451419
0.2,445468
0.2,439506
0.2,436885
0.21,436877
0.21,432588
0.21,431311
0.21,431165
0.21,429506
0.21,420423
0.21,419498
0.22,417407
0.22,416983
0.22,414550
0.22,414034
0.22,411141
0.23,408592
0.23,408247
0.23,406953
0.24,406688
0.24,406352
0.24,406211
0.24,404859
0.25,404754
0.26,402373
0.26,402170
0.27,401155
0.28,400335
0.28,397887
0.29,394636
0.29,393448
0.29,392558
0.29,391660
0.3,391338
0.3,391253
0.3,390465
0.33,386712
0.33,386694
0.33,385478
0.34,385173
0.35,382727
0.36,381873
0.36,381769
0.37,381539
0.37,380678
0.37,378829
0.37,378551
0.38,378071
0.39,377176
0.39,376658
0.39,376238
0.39,376220
0.4,375849
0.4,374289
0.4,371937
0.41,371688
0.41,370333
0.41,370294
0.42,369037
0.42,368661
0.42,368310
0.42,367509
0.42,360089
0.43,359626
0.43,359465
0.43,359277
0.43,358893
0.44,358758
0.44,355475
0.44,353920
0.44,351849
0.44,350779
0.44,348138
0.44,347648
0.44,345643
0.45,343005
0.46,342910
0.47,342341
0.47,342245
0.5,342134
0.5,339546
0.5,339520
0.5,338145
0.5,336751
0.5,334796
0.5,332401
0.51,331609
0.51,326843
0.52,325945
0.52,323883
0.52,318734
0.53,318548
0.53,317956
0.54,314422
0.55,311594
0.56,311398
0.56,311041
0.56,311016
0.57,310546
0.59,309602
0.6,308902
0.61,308764
0.61,308723
0.61,306869
0.62,304361
0.63,303973
0.63,303193
0.63,303084
0.63,299977
0.65,297744
0.69,296864
0.7,296702
0.71,296504
0.72,295699
0.74,295583
0.77,294945
0.78,294501
0.78,293781
0.78,293253
0.79,293165
0.81,292901
0.82,291987
0.82,290975
0.82,275362
0.82,273971
0.82,268773
0.83,268242
0.84,267867
0.84,263305
0.86,261703
0.88,258181
0.88,256726
0.88,255299
0.88,255097
0.88,254374
0.89,253824
0.98,252362
0.99,251313
0.99,244954
1.01,244549
1.03,244362
1.03,243654
1.05,242552
1.05,240169
1.05,240167
1.06,238837
1.06,238779
1.11,238672
1.11,237946
1.11,237415
1.16,236929
1.16,236523
1.17,236072
1.17,235618
1.18,235512
1.19,235026
1.19,234302
1.19,233124
1.19,232559
1.19,232511
1.2,231562
1.2,231447
1.21,231309
1.23,229576
1.23,229539
1.25,228692
1.26,228537
1.26,228370
1.3,228262
1.32,228099
1.32,227283
1.33,226239
1.35,225279
1.36,222756
1.36,221817
1.37,221715
1.37,219694
1.38,219659
1.42,217612
1.43,217395
1.43,217370
1.47,217111
1.47,217054
1.47,216937
1.58,215558
1.58,215207
1.59,215125
1.59,214650
1.61,214512
1.63,214500
1.63,212196
1.63,211975
1.63,211631
1.64,210530
1.66,210271
1.68,210021
1.71,209367
1.71,208452
1.71,207836
1.78,207807
1.79,206397
1.81,206132
1.84,204133
1.85,202745
1.85,198403
1.92,197697
1.93,196884
1.98,196620
1.98,194692
2.03,193879
2.03,191771
2.04,191728
2.1,191286
2.13,191153
2.14,190388
2.15,190331
2.15,190116
2.22,188167
2.24,187160
2.24,184565
2.39,179843
2.4,176299
2.43,174518
2.44,174310
2.55,173643
2.55,173471
2.58,172557
2.64,170682
2.64,169945
2.64,169345
2.73,169234
2.77,168530
2.78,167985
2.79,167358
2.79,165109
2.84,165029
2.84,164913
2.85,164372
2.86,163410
2.87,162195
2.89,162171
2.89,162150
2.9,162138
2.9,161842
2.9,161288
2.9,161199
2.9,161000
2.95,160744
2.96,160533
2.96,159946
2.96,158800
2.99,158717
3.27,156324
3.3,154632
3.33,154024
3.6,153839
3.73,153701
3.73,152564
3.84,152280
3.84,151389
3.84,151122
3.84,150344
3.84,150332
3.84,149353
3.84,149284
3.85,148833
3.85,148714
3.88,147991
3.92,147907
4.19,147830
4.24,147783
4.24,147156
4.48,147058
4.54,146896
4.87,146550
4.88,146369
4.92,144501
5.74,144303
5.85,144061
5.95,144061
6.35,143983
6.63,143785
7.31,143639
7.55,143600
8.3,142728
8.34,142062
