0.0,7083096.381550664
0.0,6980755.364221196
0.0,6888886.859706032
0.0,6799032.807771907
0.0,6711264.175566611
0.0,6642656.431800532
0.01,6581733.281564155
0.01,6499644.598283631
0.01,6418172.668310786
0.01,6348304.058612317
0.01,6282393.844147362
0.01,6224480.502628602
0.01,6171771.065343767
0.01,6124791.45130495
0.01,6092166.944499219
0.01,6074678.08340957
0.02,6074017.183742551
0.02,6068918.114877969
0.02,6063847.903222105
0.02,6050584.660577945
0.02,6048709.35963249
0.02,6046255.662190767
0.02,6043574.033366707
0.02,6039873.589888676
0.02,5979342.701454562
0.02,5977714.588230395
0.02,5956494.091712845
0.02,5952565.5886462
0.03,5948454.540640704
0.03,5913069.627785547
0.03,5898258.308160178
0.03,5880084.505727298
0.03,5867058.143173431
0.03,5859687.591574776
0.03,5857909.810734731
0.03,5852383.830392356
0.03,5842946.005808906
0.03,5832095.9252750445
0.03,5804676.090840049
0.03,5767924.475030335
0.04,5705506.666156746
0.04,5702330.270445943
0.04,5701503.355364637
0.04,5652178.637950707
0.04,5642754.099758683
0.04,5630621.609611589
0.04,5629292.619159128
0.04,5628064.609696592
0.04,5627829.61959266
0.04,5617671.842882986
0.04,5617434.776176057
0.04,5614456.816344484
0.04,5573611.23881507
0.05,5571227.294261507
0.05,5570938.915484906
0.05,5570182.640486115
0.05,5569027.153604391
0.05,5561198.389077629
0.05,5559460.075251217
0.05,5550817.319000727
0.05,5543795.248816963
0.05,5542041.52049222
0.05,5537377.324125752
0.05,5525166.344810672
0.06,5517995.3949989835
0.06,5490535.358754798
0.06,5465503.077314333
0.06,5464917.861848021
0.06,5463598.558144511
0.06,5394984.066945391
0.06,5385846.117228686
0.07,5352150.475939803
0.07,5351670.348036808
0.07,5322425.030065969
0.07,5321256.213801836
0.07,5302165.752118887
0.07,5284520.679749897
0.07,5259496.107381179
0.07,5256142.775482888
0.07,5218200.41101927
0.07,5196787.999854687
0.07,5157963.941036312
0.07,5152543.052425079
0.08,5124645.830804145
0.08,5120153.119595166
0.08,5065786.881235366
0.08,4861109.021171154
0.08,4804032.243201969
0.08,4753336.76532907
0.08,4710449.481145237
0.08,4698330.242669449
0.08,4620784.343231291
0.08,4585615.77319777
0.08,4568682.299420754
0.08,4560479.77321686
0.09,4498234.9361581635
0.09,4449315.715930895
0.09,4414707.4871037
0.09,4381378.676479818
0.09,4332347.801551085
0.09,4242481.822714668
0.09,4222910.228699365
0.09,4193185.601749252
0.09,4191673.452401879
0.09,4133160.4136835467
0.09,4121429.7363262307
0.09,4116539.144983989
0.1,4070227.44681022
0.1,4059209.037168131
0.1,4044178.9553588904
0.1,4014168.02764216
0.1,4008676.1971884496
0.1,4005940.0537994746
0.1,3998124.0244304114
0.1,3995959.9590340657
0.1,3943417.5856601796
0.1,3938741.5180385313
0.1,3923660.075210469
0.1,3920486.6069560964
0.1,3917732.636777636
0.1,3897721.293520095
0.1,3866267.926640433
0.1,3865370.9038316235
0.11,3864316.941252705
0.11,3862133.7005778183
0.11,3850294.7858296246
0.11,3830496.1747895274
0.11,3830292.5926121008
0.11,3822445.4619623367
0.11,3808455.975810438
0.11,3802692.079255496
0.11,3800910.213130994
0.11,3799936.1427613352
0.11,3795792.0153727694
0.12,3789537.0902649797
0.12,3777316.297864296
0.12,3734747.2989227874
0.12,3732801.1577650066
0.12,3702930.6291424604
0.12,3698985.1225158586
0.13,3672955.396644073
0.13,3604293.244047798
0.13,3599556.8827752597
0.13,3593784.700184517
0.13,3461989.028248817
0.13,3438097.465911833
0.13,3402734.1865847404
0.13,3399301.417181228
0.13,3368534.6207598406
0.13,3345850.3718553036
0.14,3343483.803808948
0.14,3264833.3687989637
0.14,3239590.533748512
0.14,3210987.525640616
0.14,3181452.07297465
0.14,3172404.5437548
0.14,3168120.6949143615
0.15,3062260.0992228347
0.15,3060542.739074781
0.15,3057119.2670096178
0.15,3034860.068138466
0.15,3013128.5418365216
0.15,3006632.2561295987
0.15,2989269.993449897
0.15,2974872.468201065
0.15,2965766.421927886
0.16,2876424.0596589395
0.16,2876121.6492434307
0.16,2819405.937486393
0.16,2736036.5602379283
0.16,2581491.7652948718
0.16,2515044.835343326
0.16,2478887.8183031445
0.16,2469851.0874056565
0.16,2457868.6475477675
0.16,2393977.625318937
0.17,2283038.0529497345
0.17,2145242.535638039
0.17,1994398.8385915176
0.17,1884144.9392154552
0.17,1874985.6890997286
0.17,1841866.0905658538
0.17,1816129.2839216758
0.18,1783132.3937613205
0.18,1764765.7015199373
0.18,1746828.0350745162
0.18,1573249.870700928
0.18,1567295.2223643844
0.18,1439173.613613696
0.18,1438305.844459292
0.18,1256519.196852937
0.18,1217373.4972331978
0.18,1196286.2755439684
0.19,1022313.8988318605
0.19,823676.0210144194
0.19,814127.4061221519
0.19,804605.6134785969
0.19,800862.3943721115
0.19,792784.7370263526
0.19,788747.0498968814
0.2,786024.5632367815
